~/Downloads/NexusAI  feat/codex-stop !1 ?1  xcodebuild -project Nexus.xcodeproj -scheme Nexus -destination 'generic/platform=iOS'                     ok  13:18:34
2025-08-26 13:18:40.777 xcodebuild[68664:2062618]  DVTDeviceOperation: Encountered a build number "" that is incompatible with DVTBuildVersion.
2025-08-26 13:18:40.806 xcodebuild[68664:2062588] [MT] DVTDeviceOperation: Encountered a build number "" that is incompatible with DVTBuildVersion.
2025-08-26 13:18:57.151 xcodebuild[68664:2062588] Writing error result bundle to /var/folders/nt/42xdb6195bddcyy1nbtzc3z80000gn/T/ResultBundle_2025-26-08_13-18-0057.xcresult
xcodebuild: error: Could not resolve package dependencies:
  error: compile command failed due to signal 6 (use -v to see invocation)
/Applications/Xcode.app/Contents/Developer/Platforms/MacOSX.platform/Developer/SDKs/MacOSX26.0.sdk/usr/include/module.modulemap:92:1: note: in file included from /Applications/Xcode.app/Contents/Developer/Platforms/MacOSX.platform/Developer/SDKs/MacOSX26.0.sdk/usr/include/module.modulemap:92:
 90 |
 91 | // Base interfaces below the C standard library.
 92 | extern module os_availability "DarwinFoundation1.modulemap"
    | `- note: in file included from /Applications/Xcode.app/Contents/Developer/Platforms/MacOSX.platform/Developer/SDKs/MacOSX26.0.sdk/usr/include/module.modulemap:92:
 93 | extern module sys_appleapiopts "DarwinFoundation1.modulemap"
 94 | extern module sys_cdefs "DarwinFoundation1.modulemap"

<unknown>:0: error: could not build Objective-C module '_Builtin_float'
/Applications/Xcode.app/Contents/Developer/Platforms/MacOSX.platform/Developer/SDKs/MacOSX26.0.sdk/usr/include/DarwinFoundation1.modulemap:306:8: error: module '_c_standard_library_obsolete' requires feature 'found_incompatible_headers__check_search_paths'
304 | // is here to generate early errors if client search paths are set up
305 | // incorrectly.
306 | module _c_standard_library_obsolete [system] {
    |        `- error: module '_c_standard_library_obsolete' requires feature 'found_incompatible_headers__check_search_paths'
307 |   requires found_incompatible_headers__check_search_paths
308 |

/Library/Developer/Toolchains/swift-6.0.1-RELEASE.xctoolchain/usr/lib/swift/clang/include/float.h:28:17: note: submodule of top-level module '_c_standard_library_obsolete' implicitly imported here
 26 | #endif
 27 |
 28 | #  include_next <float.h>
    |                 `- note: submodule of top-level module '_c_standard_library_obsolete' implicitly imported here
 29 |
 30 | /* Undefine anything that we'll be redefining below. */

/Applications/Xcode.app/Contents/Developer/Platforms/MacOSX.platform/Developer/SDKs/MacOSX26.0.sdk/System/Library/Frameworks/Combine.framework/Modules/Combine.swiftmodule/arm64e-apple-macos.swiftinterface:5:8: error: failed to build module 'Darwin'; this SDK is not supported by the compiler (the SDK is built with 'Apple Swift version 6.2 (swiftlang-6.2.0.16.14 clang-1700.3.16.4)', while this compiler is 'Apple Swift version 6.0.1 (swift-6.0.1-RELEASE)'). Please select a toolchain which matches the SDK.
   3 | // swift-module-flags: -target arm64e-apple-macos26.0 -target-variant arm64e-apple-ios18.0-macabi -enable-objc-interop -enable-library-evolution -swift-version 5 -enforce-exclusivity=checked -O -library-level api -enable-library-evolution -enable-library-evolution -enable-library-evolution -enable-library-evolution -enable-library-evolution -enable-experimental-feature DebugDescriptionMacro -enable-bare-slash-regex -user-module-version 3023 -module-name Combine
   4 | // swift-module-flags-ignorable:  -formal-cxx-interoperability-mode=off -interface-compiler-version 6.2
   5 | import Darwin
     |        `- error: failed to build module 'Darwin'; this SDK is not supported by the compiler (the SDK is built with 'Apple Swift version 6.2 (swiftlang-6.2.0.16.14 clang-1700.3.16.4)', while this compiler is 'Apple Swift version 6.0.1 (swift-6.0.1-RELEASE)'). Please select a toolchain which matches the SDK.
   6 | import Swift
   7 | import _Concurrency

/Applications/Xcode.app/Contents/Developer/Platforms/MacOSX.platform/Developer/SDKs/MacOSX26.0.sdk/usr/include/module.modulemap: 0:
<unknown>:0: error: could not build Objective-C module '_Builtin_float'
/Applications/Xcode.app/Contents/Developer/Platforms/MacOSX.platform/Developer/SDKs/MacOSX26.0.sdk/usr/include/DarwinFoundation1.modulemap: 0:
/Library/Developer/Toolchains/swift-6.0.1-RELEASE.xctoolchain/usr/lib/swift/clang/include/float.h: 0:
/Applications/Xcode.app/Contents/Developer/Platforms/MacOSX.platform/Developer/SDKs/MacOSX26.0.sdk/System/Library/Frameworks/Foundation.framework/Modules/Foundation.swiftmodule/arm64e-apple-macos.swiftinterface:6:8: error: failed to build module 'Combine'; this SDK is not supported by the compiler (the SDK is built with 'Apple Swift version 6.2 effective-5.10 (swiftlang-6.2.0.16.14 clang-1700.3.16.4)', while this compiler is 'Apple Swift version 6.0.1 (swift-6.0.1-RELEASE)'). Please select a toolchain which matches the SDK.
    4 | // swift-module-flags-ignorable:  -formal-cxx-interoperability-mode=off -interface-compiler-version 6.2
    5 | import Builtin
    6 | import Combine
      |        `- error: failed to build module 'Combine'; this SDK is not supported by the compiler (the SDK is built with 'Apple Swift version 6.2 effective-5.10 (swiftlang-6.2.0.16.14 clang-1700.3.16.4)', while this compiler is 'Apple Swift version 6.0.1 (swift-6.0.1-RELEASE)'). Please select a toolchain which matches the SDK.
    7 | import CoreFoundation
    8 | import Darwin

/Applications/Xcode.app/Contents/Developer/Platforms/MacOSX.platform/Developer/SDKs/MacOSX26.0.sdk/System/Library/Frameworks/CoreFoundation.framework/Headers/CoreFoundation.h:23:10: note: while building module '_Builtin_float' imported from /Applications/Xcode.app/Contents/Developer/Platforms/MacOSX.platform/Developer/SDKs/MacOSX26.0.sdk/System/Library/Frameworks/CoreFoundation.framework/Headers/CoreFoundation.h:23:
 21 | #include <ctype.h>
 22 | #include <errno.h>
 23 | #include <float.h>
    |          `- note: while building module '_Builtin_float' imported from /Applications/Xcode.app/Contents/Developer/Platforms/MacOSX.platform/Developer/SDKs/MacOSX26.0.sdk/System/Library/Frameworks/CoreFoundation.framework/Headers/CoreFoundation.h:23:
 24 | #include <limits.h>
 25 | #if !0

/Applications/Xcode.app/Contents/Developer/Platforms/MacOSX.platform/Developer/SDKs/MacOSX26.0.sdk/usr/include/module.modulemap:92:1: note: in file included from /Applications/Xcode.app/Contents/Developer/Platforms/MacOSX.platform/Developer/SDKs/MacOSX26.0.sdk/usr/include/module.modulemap:92:
 90 |
 91 | // Base interfaces below the C standard library.
 92 | extern module os_availability "DarwinFoundation1.modulemap"
    | `- note: in file included from /Applications/Xcode.app/Contents/Developer/Platforms/MacOSX.platform/Developer/SDKs/MacOSX26.0.sdk/usr/include/module.modulemap:92:
 93 | extern module sys_appleapiopts "DarwinFoundation1.modulemap"
 94 | extern module sys_cdefs "DarwinFoundation1.modulemap"

/Applications/Xcode.app/Contents/Developer/Platforms/MacOSX.platform/Developer/SDKs/MacOSX26.0.sdk/usr/include/DarwinFoundation1.modulemap:306:8: error: module '_c_standard_library_obsolete' requires feature 'found_incompatible_headers__check_search_paths'
304 | // is here to generate early errors if client search paths are set up
305 | // incorrectly.
306 | module _c_standard_library_obsolete [system] {
    |        `- error: module '_c_standard_library_obsolete' requires feature 'found_incompatible_headers__check_search_paths'
307 |   requires found_incompatible_headers__check_search_paths
308 |

/Library/Developer/Toolchains/swift-6.0.1-RELEASE.xctoolchain/usr/lib/swift/clang/include/float.h:28:17: note: submodule of top-level module '_c_standard_library_obsolete' implicitly imported here
 26 | #endif
 27 |
 28 | #  include_next <float.h>
    |                 `- note: submodule of top-level module '_c_standard_library_obsolete' implicitly imported here
 29 |
 30 | /* Undefine anything that we'll be redefining below. */

<module-includes>:1:9: note: in file included from <module-includes>:1:
1 | #import "Headers/CoreFoundation.h"
  |         `- note: in file included from <module-includes>:1:
2 | #import "Headers/CFPlugInCOM.h"
3 |

/Applications/Xcode.app/Contents/Developer/Platforms/MacOSX.platform/Developer/SDKs/MacOSX26.0.sdk/System/Library/Frameworks/CoreFoundation.framework/Headers/CoreFoundation.h:23:10: error: could not build module '_Builtin_float'
 21 | #include <ctype.h>
 22 | #include <errno.h>
 23 | #include <float.h>
    |          `- error: could not build module '_Builtin_float'
 24 | #include <limits.h>
 25 | #if !0

/Applications/Xcode.app/Contents/Developer/Platforms/MacOSX.platform/Developer/SDKs/MacOSX26.0.sdk/usr/lib/swift/CoreFoundation.swiftmodule/arm64e-apple-macos.swiftinterface: 0:
/Applications/Xcode.app/Contents/Developer/Platforms/MacOSX.platform/Developer/SDKs/MacOSX26.0.sdk/usr/include/module.modulemap: 0:
<unknown>:0: error: could not build Objective-C module '_Builtin_float'
/Applications/Xcode.app/Contents/Developer/Platforms/MacOSX.platform/Developer/SDKs/MacOSX26.0.sdk/usr/include/DarwinFoundation1.modulemap: 0:
/Library/Developer/Toolchains/swift-6.0.1-RELEASE.xctoolchain/usr/lib/swift/clang/include/float.h: 0:
/Applications/Xcode.app/Contents/Developer/Platforms/MacOSX.platform/Developer/SDKs/MacOSX26.0.sdk/usr/include/module.modulemap: 0:
<unknown>:0: error: could not build Objective-C module '_Builtin_float'
/Applications/Xcode.app/Contents/Developer/Platforms/MacOSX.platform/Developer/SDKs/MacOSX26.0.sdk/usr/include/DarwinFoundation1.modulemap: 0:
/Library/Developer/Toolchains/swift-6.0.1-RELEASE.xctoolchain/usr/lib/swift/clang/include/float.h: 0:
/Applications/Xcode.app/Contents/Developer/Platforms/MacOSX.platform/Developer/SDKs/MacOSX26.0.sdk/usr/include/module.modulemap:92:1: note: in file included from /Applications/Xcode.app/Contents/Developer/Platforms/MacOSX.platform/Developer/SDKs/MacOSX26.0.sdk/usr/include/module.modulemap:92:
 90 |
 91 | // Base interfaces below the C standard library.
 92 | extern module os_availability "DarwinFoundation1.modulemap"
    | `- note: in file included from /Applications/Xcode.app/Contents/Developer/Platforms/MacOSX.platform/Developer/SDKs/MacOSX26.0.sdk/usr/include/module.modulemap:92:
 93 | extern module sys_appleapiopts "DarwinFoundation1.modulemap"
 94 | extern module sys_cdefs "DarwinFoundation1.modulemap"

<unknown>:0: error: could not build Objective-C module '_Builtin_float'
/Applications/Xcode.app/Contents/Developer/Platforms/MacOSX.platform/Developer/SDKs/MacOSX26.0.sdk/usr/include/DarwinFoundation1.modulemap:306:8: error: module '_c_standard_library_obsolete' requires feature 'found_incompatible_headers__check_search_paths'
304 | // is here to generate early errors if client search paths are set up
305 | // incorrectly.
306 | module _c_standard_library_obsolete [system] {
    |        `- error: module '_c_standard_library_obsolete' requires feature 'found_incompatible_headers__check_search_paths'
307 |   requires found_incompatible_headers__check_search_paths
308 |

/Library/Developer/Toolchains/swift-6.0.1-RELEASE.xctoolchain/usr/lib/swift/clang/include/float.h:28:17: note: submodule of top-level module '_c_standard_library_obsolete' implicitly imported here
 26 | #endif
 27 |
 28 | #  include_next <float.h>
    |                 `- note: submodule of top-level module '_c_standard_library_obsolete' implicitly imported here
 29 |
 30 | /* Undefine anything that we'll be redefining below. */

/Applications/Xcode.app/Contents/Developer/Platforms/MacOSX.platform/Developer/SDKs/MacOSX26.0.sdk/System/Library/Frameworks/Combine.framework/Modules/Combine.swiftmodule/arm64e-apple-macos.swiftinterface:5:8: error: failed to build module 'Darwin'; this SDK is not supported by the compiler (the SDK is built with 'Apple Swift version 6.2 (swiftlang-6.2.0.16.14 clang-1700.3.16.4)', while this compiler is 'Apple Swift version 6.0.1 (swift-6.0.1-RELEASE)'). Please select a toolchain which matches the SDK.
   3 | // swift-module-flags: -target arm64e-apple-macos26.0 -target-variant arm64e-apple-ios18.0-macabi -enable-objc-interop -enable-library-evolution -swift-version 5 -enforce-exclusivity=checked -O -library-level api -enable-library-evolution -enable-library-evolution -enable-library-evolution -enable-library-evolution -enable-library-evolution -enable-experimental-feature DebugDescriptionMacro -enable-bare-slash-regex -user-module-version 3023 -module-name Combine
   4 | // swift-module-flags-ignorable:  -formal-cxx-interoperability-mode=off -interface-compiler-version 6.2
   5 | import Darwin
     |        `- error: failed to build module 'Darwin'; this SDK is not supported by the compiler (the SDK is built with 'Apple Swift version 6.2 (swiftlang-6.2.0.16.14 clang-1700.3.16.4)', while this compiler is 'Apple Swift version 6.0.1 (swift-6.0.1-RELEASE)'). Please select a toolchain which matches the SDK.
   6 | import Swift
   7 | import _Concurrency

/Applications/Xcode.app/Contents/Developer/Platforms/MacOSX.platform/Developer/SDKs/MacOSX26.0.sdk/usr/include/module.modulemap: 0:
<unknown>:0: error: could not build Objective-C module '_Builtin_float'
/Applications/Xcode.app/Contents/Developer/Platforms/MacOSX.platform/Developer/SDKs/MacOSX26.0.sdk/usr/include/DarwinFoundation1.modulemap: 0:
/Library/Developer/Toolchains/swift-6.0.1-RELEASE.xctoolchain/usr/lib/swift/clang/include/float.h: 0:
/Applications/Xcode.app/Contents/Developer/Platforms/MacOSX.platform/Developer/SDKs/MacOSX26.0.sdk/usr/lib/swift/Dispatch.swiftmodule/arm64e-apple-macos.swiftinterface: 0:
/Applications/Xcode.app/Contents/Developer/Platforms/MacOSX.platform/Developer/SDKs/MacOSX26.0.sdk/usr/include/module.modulemap: 0:
<unknown>:0: error: could not build Objective-C module '_Builtin_float'
/Applications/Xcode.app/Contents/Developer/Platforms/MacOSX.platform/Developer/SDKs/MacOSX26.0.sdk/usr/include/DarwinFoundation1.modulemap: 0:
/Library/Developer/Toolchains/swift-6.0.1-RELEASE.xctoolchain/usr/lib/swift/clang/include/float.h: 0:
/Applications/Xcode.app/Contents/Developer/Platforms/MacOSX.platform/Developer/SDKs/MacOSX26.0.sdk/usr/include/module.modulemap: 0:
<unknown>:0: error: could not build Objective-C module '_Builtin_float'
/Applications/Xcode.app/Contents/Developer/Platforms/MacOSX.platform/Developer/SDKs/MacOSX26.0.sdk/usr/include/DarwinFoundation1.modulemap: 0:
/Library/Developer/Toolchains/swift-6.0.1-RELEASE.xctoolchain/usr/lib/swift/clang/include/float.h: 0:
/Applications/Xcode.app/Contents/Developer/Platforms/MacOSX.platform/Developer/SDKs/MacOSX26.0.sdk/usr/include/module.modulemap: 0:
<unknown>:0: error: could not build Objective-C module '_Builtin_float'
/Applications/Xcode.app/Contents/Developer/Platforms/MacOSX.platform/Developer/SDKs/MacOSX26.0.sdk/usr/include/DarwinFoundation1.modulemap: 0:
/Library/Developer/Toolchains/swift-6.0.1-RELEASE.xctoolchain/usr/lib/swift/clang/include/float.h: 0:
/Applications/Xcode.app/Contents/Developer/Platforms/MacOSX.platform/Developer/SDKs/MacOSX26.0.sdk/usr/lib/swift/Darwin.swiftmodule/arm64e-apple-macos.swiftinterface: 0:
<unknown>:0: error: could not build Objective-C module '_Builtin_float'
/Applications/Xcode.app/Contents/Developer/Platforms/MacOSX.platform/Developer/SDKs/MacOSX26.0.sdk/usr/include/DarwinFoundation1.modulemap: 0:
/Library/Developer/Toolchains/swift-6.0.1-RELEASE.xctoolchain/usr/lib/swift/clang/include/float.h: 0:
/Applications/Xcode.app/Contents/Developer/Platforms/MacOSX.platform/Developer/SDKs/MacOSX26.0.sdk/usr/include/module.modulemap: 0:
<unknown>:0: error: could not build Objective-C module '_Builtin_float'
/Applications/Xcode.app/Contents/Developer/Platforms/MacOSX.platform/Developer/SDKs/MacOSX26.0.sdk/usr/include/DarwinFoundation1.modulemap: 0:
/Library/Developer/Toolchains/swift-6.0.1-RELEASE.xctoolchain/usr/lib/swift/clang/include/float.h: 0:
/Applications/Xcode.app/Contents/Developer/Platforms/MacOSX.platform/Developer/SDKs/MacOSX26.0.sdk/usr/lib/swift/Darwin.swiftmodule/arm64e-apple-macos.swiftinterface: 0:
<unknown>:0: error: could not build Objective-C module '_Builtin_float'
/Applications/Xcode.app/Contents/Developer/Platforms/MacOSX.platform/Developer/SDKs/MacOSX26.0.sdk/usr/include/DarwinFoundation1.modulemap: 0:
/Library/Developer/Toolchains/swift-6.0.1-RELEASE.xctoolchain/usr/lib/swift/clang/include/float.h: 0:
/Applications/Xcode.app/Contents/Developer/Platforms/MacOSX.platform/Developer/SDKs/MacOSX26.0.sdk/usr/include/module.modulemap: 0:
<unknown>:0: error: could not build Objective-C module '_Builtin_float'
/Applications/Xcode.app/Contents/Developer/Platforms/MacOSX.platform/Developer/SDKs/MacOSX26.0.sdk/usr/include/DarwinFoundation1.modulemap: 0:
/Library/Developer/Toolchains/swift-6.0.1-RELEASE.xctoolchain/usr/lib/swift/clang/include/float.h: 0:
/Applications/Xcode.app/Contents/Developer/Platforms/MacOSX.platform/Developer/SDKs/MacOSX26.0.sdk/System/Library/Frameworks/Combine.framework/Modules/Combine.swiftmodule/arm64e-apple-macos.swiftinterface:5:8: error: failed to build module 'Darwin'; this SDK is not supported by the compiler (the SDK is built with 'Apple Swift version 6.2 (swiftlang-6.2.0.16.14 clang-1700.3.16.4)', while this compiler is 'Apple Swift version 6.0.1 (swift-6.0.1-RELEASE)'). Please select a toolchain which matches the SDK.
   3 | // swift-module-flags: -target arm64e-apple-macos26.0 -target-variant arm64e-apple-ios18.0-macabi -enable-objc-interop -enable-library-evolution -swift-version 5 -enforce-exclusivity=checked -O -library-level api -enable-library-evolution -enable-library-evolution -enable-library-evolution -enable-library-evolution -enable-library-evolution -enable-experimental-feature DebugDescriptionMacro -enable-bare-slash-regex -user-module-version 3023 -module-name Combine
   4 | // swift-module-flags-ignorable:  -formal-cxx-interoperability-mode=off -interface-compiler-version 6.2
   5 | import Darwin
     |        `- error: failed to build module 'Darwin'; this SDK is not supported by the compiler (the SDK is built with 'Apple Swift version 6.2 (swiftlang-6.2.0.16.14 clang-1700.3.16.4)', while this compiler is 'Apple Swift version 6.0.1 (swift-6.0.1-RELEASE)'). Please select a toolchain which matches the SDK.
   6 | import Swift
   7 | import _Concurrency

/Applications/Xcode.app/Contents/Developer/Platforms/MacOSX.platform/Developer/SDKs/MacOSX26.0.sdk/usr/include/module.modulemap: 0:
<unknown>:0: error: could not build Objective-C module '_Builtin_float'
/Applications/Xcode.app/Contents/Developer/Platforms/MacOSX.platform/Developer/SDKs/MacOSX26.0.sdk/usr/include/DarwinFoundation1.modulemap: 0:
/Library/Developer/Toolchains/swift-6.0.1-RELEASE.xctoolchain/usr/lib/swift/clang/include/float.h: 0:
/Applications/Xcode.app/Contents/Developer/Platforms/MacOSX.platform/Developer/SDKs/MacOSX26.0.sdk/usr/lib/swift/Dispatch.swiftmodule/arm64e-apple-macos.swiftinterface: 0:
/Applications/Xcode.app/Contents/Developer/Platforms/MacOSX.platform/Developer/SDKs/MacOSX26.0.sdk/usr/include/module.modulemap: 0:
<unknown>:0: error: could not build Objective-C module '_Builtin_float'
/Applications/Xcode.app/Contents/Developer/Platforms/MacOSX.platform/Developer/SDKs/MacOSX26.0.sdk/usr/include/DarwinFoundation1.modulemap: 0:
/Library/Developer/Toolchains/swift-6.0.1-RELEASE.xctoolchain/usr/lib/swift/clang/include/float.h: 0:
/Applications/Xcode.app/Contents/Developer/Platforms/MacOSX.platform/Developer/SDKs/MacOSX26.0.sdk/usr/include/module.modulemap: 0:
<unknown>:0: error: could not build Objective-C module '_Builtin_float'
/Applications/Xcode.app/Contents/Developer/Platforms/MacOSX.platform/Developer/SDKs/MacOSX26.0.sdk/usr/include/DarwinFoundation1.modulemap: 0:
/Library/Developer/Toolchains/swift-6.0.1-RELEASE.xctoolchain/usr/lib/swift/clang/include/float.h: 0:
/Applications/Xcode.app/Contents/Developer/Platforms/MacOSX.platform/Developer/SDKs/MacOSX26.0.sdk/usr/include/module.modulemap: 0:
<unknown>:0: error: could not build Objective-C module '_Builtin_float'
/Applications/Xcode.app/Contents/Developer/Platforms/MacOSX.platform/Developer/SDKs/MacOSX26.0.sdk/usr/include/DarwinFoundation1.modulemap: 0:
/Library/Developer/Toolchains/swift-6.0.1-RELEASE.xctoolchain/usr/lib/swift/clang/include/float.h: 0:
/Applications/Xcode.app/Contents/Developer/Platforms/MacOSX.platform/Developer/SDKs/MacOSX26.0.sdk/usr/lib/swift/Darwin.swiftmodule/arm64e-apple-macos.swiftinterface: 0:
<unknown>:0: error: could not build Objective-C module '_Builtin_float'
/Applications/Xcode.app/Contents/Developer/Platforms/MacOSX.platform/Developer/SDKs/MacOSX26.0.sdk/usr/include/DarwinFoundation1.modulemap: 0:
/Library/Developer/Toolchains/swift-6.0.1-RELEASE.xctoolchain/usr/lib/swift/clang/include/float.h: 0:
/Applications/Xcode.app/Contents/Developer/Platforms/MacOSX.platform/Developer/SDKs/MacOSX26.0.sdk/usr/include/module.modulemap: 0:
<unknown>:0: error: could not build Objective-C module '_Builtin_float'
/Applications/Xcode.app/Contents/Developer/Platforms/MacOSX.platform/Developer/SDKs/MacOSX26.0.sdk/usr/include/DarwinFoundation1.modulemap: 0:
/Library/Developer/Toolchains/swift-6.0.1-RELEASE.xctoolchain/usr/lib/swift/clang/include/float.h: 0:
/Applications/Xcode.app/Contents/Developer/Platforms/MacOSX.platform/Developer/SDKs/MacOSX26.0.sdk/usr/lib/swift/Darwin.swiftmodule/arm64e-apple-macos.swiftinterface: 0:
<unknown>:0: error: could not build Objective-C module '_Builtin_float'
/Applications/Xcode.app/Contents/Developer/Platforms/MacOSX.platform/Developer/SDKs/MacOSX26.0.sdk/usr/include/DarwinFoundation1.modulemap: 0:
/Library/Developer/Toolchains/swift-6.0.1-RELEASE.xctoolchain/usr/lib/swift/clang/include/float.h: 0:
/Applications/Xcode.app/Contents/Developer/Platforms/MacOSX.platform/Developer/SDKs/MacOSX26.0.sdk/usr/include/module.modulemap: 0:
<unknown>:0: error: could not build Objective-C module '_Builtin_float'
/Applications/Xcode.app/Contents/Developer/Platforms/MacOSX.platform/Developer/SDKs/MacOSX26.0.sdk/usr/include/DarwinFoundation1.modulemap: 0:
/Library/Developer/Toolchains/swift-6.0.1-RELEASE.xctoolchain/usr/lib/swift/clang/include/float.h: 0:
/Applications/Xcode.app/Contents/Developer/Platforms/MacOSX.platform/Developer/SDKs/MacOSX26.0.sdk/usr/lib/swift/Darwin.swiftmodule/arm64e-apple-macos.swiftinterface: 0:
<unknown>:0: error: could not build Objective-C module '_Builtin_float'
/Applications/Xcode.app/Contents/Developer/Platforms/MacOSX.platform/Developer/SDKs/MacOSX26.0.sdk/usr/include/DarwinFoundation1.modulemap: 0:
/Library/Developer/Toolchains/swift-6.0.1-RELEASE.xctoolchain/usr/lib/swift/clang/include/float.h: 0:
/Applications/Xcode.app/Contents/Developer/Platforms/MacOSX.platform/Developer/SDKs/MacOSX26.0.sdk/usr/include/module.modulemap: 0:
<unknown>:0: error: could not build Objective-C module '_Builtin_float'
/Applications/Xcode.app/Contents/Developer/Platforms/MacOSX.platform/Developer/SDKs/MacOSX26.0.sdk/usr/include/DarwinFoundation1.modulemap: 0:
/Library/Developer/Toolchains/swift-6.0.1-RELEASE.xctoolchain/usr/lib/swift/clang/include/float.h: 0:
/Applications/Xcode.app/Contents/Developer/Platforms/MacOSX.platform/Developer/SDKs/MacOSX26.0.sdk/usr/lib/swift/Darwin.swiftmodule/arm64e-apple-macos.swiftinterface: 0:
<unknown>:0: error: could not build Objective-C module '_Builtin_float'
/Applications/Xcode.app/Contents/Developer/Platforms/MacOSX.platform/Developer/SDKs/MacOSX26.0.sdk/usr/include/DarwinFoundation1.modulemap: 0:
/Library/Developer/Toolchains/swift-6.0.1-RELEASE.xctoolchain/usr/lib/swift/clang/include/float.h: 0:
/Applications/Xcode.app/Contents/Developer/Platforms/MacOSX.platform/Developer/SDKs/MacOSX26.0.sdk/usr/include/module.modulemap: 0:
<unknown>:0: error: could not build Objective-C module '_Builtin_float'
/Applications/Xcode.app/Contents/Developer/Platforms/MacOSX.platform/Developer/SDKs/MacOSX26.0.sdk/usr/include/DarwinFoundation1.modulemap: 0:
/Library/Developer/Toolchains/swift-6.0.1-RELEASE.xctoolchain/usr/lib/swift/clang/include/float.h: 0:
/Applications/Xcode.app/Contents/Developer/Platforms/MacOSX.platform/Developer/SDKs/MacOSX26.0.sdk/usr/lib/swift/System.swiftmodule/arm64e-apple-macos.swiftinterface: 0:
/Applications/Xcode.app/Contents/Developer/Platforms/MacOSX.platform/Developer/SDKs/MacOSX26.0.sdk/usr/include/module.modulemap: 0:
<unknown>:0: error: could not build Objective-C module '_Builtin_float'
Assertion failed: (!ActiveDiagnostic && "Already have an active diagnostic"), function diagnose, file DiagnosticEngine.h, line 1210.
Please submit a bug report (https://swift.org/contributing/#reporting-bugs) and include the crash backtrace.
Stack dump:
0.      Program arguments: /Library/Developer/Toolchains/swift-6.0.1-RELEASE.xctoolchain/usr/bin/swift-frontend -frontend -c -primary-file /Users/lorenzoferrante/Library/Developer/Xcode/DerivedData/Nexus-auhzzmxyklfadaefkuhiugmopjnn/SourcePackages/checkouts/VariableBlur/Package.swift -target arm64-apple-macos14.0 -Xllvm -aarch64-use-tbi -enable-objc-interop -sdk /Applications/Xcode.app/Contents/Developer/Platforms/MacOSX.platform/Developer/SDKs/MacOSX26.0.sdk -I /Library/Developer/Toolchains/swift-6.0.1-RELEASE.xctoolchain/usr/lib/swift/macosx/testing -I /Applications/Xcode.app/Contents/SharedFrameworks/SwiftPM.framework/SharedSupport/ManifestAPI -vfsoverlay /var/folders/nt/42xdb6195bddcyy1nbtzc3z80000gn/T/TemporaryDirectory.lEgYqj/vfs.yaml -swift-version 5 -package-description-version 5.9.0 -serialize-diagnostics-path /Users/lorenzoferrante/Library/Caches/org.swift.swiftpm/manifests/ManifestLoading/variableblur.dia -empty-abi-descriptor -plugin-path /Library/Developer/Toolchains/swift-6.0.1-RELEASE.xctoolchain/usr/lib/swift/host/plugins/testing -resource-dir /Library/Developer/Toolchains/swift-6.0.1-RELEASE.xctoolchain/usr/lib/swift -module-name main -plugin-path /Library/Developer/Toolchains/swift-6.0.1-RELEASE.xctoolchain/usr/lib/swift/host/plugins -plugin-path /Library/Developer/Toolchains/swift-6.0.1-RELEASE.xctoolchain/usr/local/lib/swift/host/plugins -target-sdk-version 26.0 -target-sdk-name macosx26.0 -external-plugin-path /Applications/Xcode.app/Contents/Developer/Platforms/MacOSX.platform/Developer/usr/lib/swift/host/plugins#/Applications/Xcode.app/Contents/Developer/Platforms/MacOSX.platform/Developer/usr/bin/swift-plugin-server -external-plugin-path /Applications/Xcode.app/Contents/Developer/Platforms/MacOSX.platform/Developer/usr/local/lib/swift/host/plugins#/Applications/Xcode.app/Contents/Developer/Platforms/MacOSX.platform/Developer/usr/bin/swift-plugin-server -o /var/folders/nt/42xdb6195bddcyy1nbtzc3z80000gn/T/TemporaryDirectory.cJuqU2/Package-1.o
1.      Apple Swift version 6.0.1 (swift-6.0.1-RELEASE)
2.      Compiling with effective version 5.10
3.      While evaluating request TypeCheckSourceFileRequest(source_file "/Applications/Xcode.app/Contents/Developer/Platforms/MacOSX.platform/Developer/SDKs/MacOSX26.0.sdk/System/Library/Frameworks/Foundation.framework/Modules/Foundation.swiftmodule/arm64e-apple-macos.swiftinterface")
4.      While type-checking extension of Date (at /Applications/Xcode.app/Contents/Developer/Platforms/MacOSX.platform/Developer/SDKs/MacOSX26.0.sdk/System/Library/Frameworks/Foundation.framework/Modules/Foundation.swiftmodule/arm64e-apple-macos.swiftinterface:11568:1)
5.      While type-checking 'ISO8601Format(_:)' (at /Applications/Xcode.app/Contents/Developer/Platforms/MacOSX.platform/Developer/SDKs/MacOSX26.0.sdk/System/Library/Frameworks/Foundation.framework/Modules/Foundation.swiftmodule/arm64e-apple-macos.swiftinterface:11569:10)
6.      While evaluating request DefaultInitializerIsolation(Foundation.(file).Date extension.ISO8601Format(_:).style@/Applications/Xcode.app/Contents/Developer/Platforms/MacOSX.platform/Developer/SDKs/MacOSX26.0.sdk/System/Library/Frameworks/Foundation.framework/Modules/Foundation.swiftmodule/arm64e-apple-macos.swiftinterface:11569:31)
7.      While evaluating request DefaultInitializerIsolation(Foundation.(file).Date extension.ISO8601FormatStyle.init(dateSeparator:dateTimeSeparator:timeSeparator:timeZoneSeparator:includingFractionalSeconds:timeZone:).timeZone@/Applications/Xcode.app/Contents/Developer/Platforms/MacOSX.platform/Developer/SDKs/MacOSX26.0.sdk/System/Library/Frameworks/Foundation.framework/Modules/Foundation.swiftmodule/arm64e-apple-macos.swiftinterface:11646:381)
8.      While evaluating request DefaultArgumentExprRequest(Foundation.(file).Date extension.ISO8601FormatStyle.init(dateSeparator:dateTimeSeparator:timeSeparator:timeZoneSeparator:includingFractionalSeconds:timeZone:).timeZone@/Applications/Xcode.app/Contents/Developer/Platforms/MacOSX.platform/Developer/SDKs/MacOSX26.0.sdk/System/Library/Frameworks/Foundation.framework/Modules/Foundation.swiftmodule/arm64e-apple-macos.swiftinterface:11646:381)
9.      While type-checking expression at [/Applications/Xcode.app/Contents/Developer/Platforms/MacOSX.platform/Developer/SDKs/MacOSX26.0.sdk/System/Library/Frameworks/Foundation.framework/Modules/Foundation.swiftmodule/arm64e-apple-macos.swiftinterface:11646:413 - line:11646:440] RangeText="TimeZone(secondsFromGMT: 0)"
10.     While type-checking-target starting at /Applications/Xcode.app/Contents/Developer/Platforms/MacOSX.platform/Developer/SDKs/MacOSX26.0.sdk/System/Library/Frameworks/Foundation.framework/Modules/Foundation.swiftmodule/arm64e-apple-macos.swiftinterface:11646:440
11.     While evaluating request TypeWitnessRequest(Int: _ObjectiveCBridgeable module Foundation, Swift.(file)._ObjectiveCBridgeable._ObjectiveCType)
12.     While evaluating request InterfaceTypeRequest(Foundation.(file).Int extension._ObjectiveCType@/Applications/Xcode.app/Contents/Developer/Platforms/MacOSX.platform/Developer/SDKs/MacOSX26.0.sdk/System/Library/Frameworks/Foundation.framework/Modules/Foundation.swiftmodule/arm64e-apple-macos.swiftinterface:23725:20)
13.     While evaluating request UnderlyingTypeRequest(Foundation.(file).Int extension._ObjectiveCType@/Applications/Xcode.app/Contents/Developer/Platforms/MacOSX.platform/Developer/SDKs/MacOSX26.0.sdk/System/Library/Frameworks/Foundation.framework/Modules/Foundation.swiftmodule/arm64e-apple-macos.swiftinterface:23725:20)
14.     While evaluating request ResolveTypeRequest(while resolving type , Foundation.NSNumber)
Stack dump without symbol names (ensure you have llvm-symbolizer in your PATH or set the environment var `LLVM_SYMBOLIZER_PATH` to point to it):
0  swift-frontend           0x0000000107749b78 llvm::sys::PrintStackTrace(llvm::raw_ostream&, int) + 56
1  swift-frontend           0x0000000107748344 llvm::sys::RunSignalHandlers() + 112
2  swift-frontend           0x000000010774a1c0 SignalHandler(int) + 304
3  libsystem_platform.dylib 0x000000018ae74704 _sigtramp + 56
4  libsystem_pthread.dylib  0x000000018ae6a848 pthread_kill + 296
5  libsystem_c.dylib        0x000000018ad70808 abort + 124
6  libsystem_c.dylib        0x000000018ad6fa3c err + 0
7  swift-frontend           0x0000000107bcb8c0 diagnoseUnknownType(swift::TypeResolution, swift::Type, swift::SourceRange, swift::DeclRefTypeRepr*, swift::optionset::OptionSet<swift::NameLookupFlags, unsigned int>) (.cold.30) + 0
8  swift-frontend           0x0000000103604720 diagnoseUnknownType(swift::TypeResolution, swift::Type, swift::SourceRange, swift::DeclRefTypeRepr*, swift::optionset::OptionSet<swift::NameLookupFlags, unsigned int>) + 6192
9  swift-frontend           0x00000001036021a4 (anonymous namespace)::TypeResolver::resolveDeclRefTypeReprRec(swift::DeclRefTypeRepr*, swift::TypeResolutionOptions) + 2928
10 swift-frontend           0x00000001035f5928 (anonymous namespace)::TypeResolver::resolveType(swift::TypeRepr*, swift::TypeResolutionOptions) + 300
11 swift-frontend           0x00000001035f4610 evaluateTypeResolution(swift::TypeResolution const*, swift::TypeRepr*, swift::SILTypeResolutionContext*) + 88
12 swift-frontend           0x000000010360a2a0 swift::ResolveTypeRequest::OutputType swift::Evaluator::getResultUncached<swift::ResolveTypeRequest, swift::ResolveTypeRequest::OutputType swift::evaluateOrDefault<swift::ResolveTypeRequest>(swift::Evaluator&, swift::ResolveTypeRequest, swift::ResolveTypeRequest::OutputType)::'lambda'()>(swift::ResolveTypeRequest const&, swift::ResolveTypeRequest::OutputType swift::evaluateOrDefault<swift::ResolveTypeRequest>(swift::Evaluator&, swift::ResolveTypeRequest, swift::ResolveTypeRequest::OutputType)::'lambda'()) + 212
13 swift-frontend           0x00000001035f4598 swift::TypeResolution::resolveType(swift::TypeRepr*, swift::SILTypeResolutionContext*) const + 92
14 swift-frontend           0x0000000103507410 swift::UnderlyingTypeRequest::evaluate(swift::Evaluator&, swift::TypeAliasDecl*) const + 136
15 swift-frontend           0x00000001039c8d38 swift::UnderlyingTypeRequest::OutputType swift::Evaluator::getResultUncached<swift::UnderlyingTypeRequest, swift::UnderlyingTypeRequest::OutputType swift::evaluateOrDefault<swift::UnderlyingTypeRequest>(swift::Evaluator&, swift::UnderlyingTypeRequest, swift::UnderlyingTypeRequest::OutputType)::'lambda'()>(swift::UnderlyingTypeRequest const&, swift::UnderlyingTypeRequest::OutputType swift::evaluateOrDefault<swift::UnderlyingTypeRequest>(swift::Evaluator&, swift::UnderlyingTypeRequest, swift::UnderlyingTypeRequest::OutputType)::'lambda'()) + 240
16 swift-frontend           0x000000010397a7c0 swift::TypeAliasDecl::getUnderlyingType() const + 152
17 swift-frontend           0x00000001035091d8 swift::InterfaceTypeRequest::evaluate(swift::Evaluator&, swift::ValueDecl*) const + 1908
18 swift-frontend           0x000000010396a570 swift::ValueDecl::getInterfaceType() const + 328
19 swift-frontend           0x000000010396e3cc swift::TypeDecl::getDeclaredInterfaceType() const + 144
20 swift-frontend           0x0000000103275b78 resolveTypeWitnessViaLookup(swift::NormalProtocolConformance*, swift::AssociatedTypeDecl*) + 868
21 swift-frontend           0x0000000103275250 swift::TypeWitnessRequest::evaluate(swift::Evaluator&, swift::NormalProtocolConformance*, swift::AssociatedTypeDecl*) const + 68
22 swift-frontend           0x0000000103b373f8 swift::TypeWitnessRequest::OutputType swift::Evaluator::getResultUncached<swift::TypeWitnessRequest, swift::TypeWitnessRequest::OutputType swift::evaluateOrDefault<swift::TypeWitnessRequest>(swift::Evaluator&, swift::TypeWitnessRequest, swift::TypeWitnessRequest::OutputType)::'lambda'()>(swift::TypeWitnessRequest const&, swift::TypeWitnessRequest::OutputType swift::evaluateOrDefault<swift::TypeWitnessRequest>(swift::Evaluator&, swift::TypeWitnessRequest, swift::TypeWitnessRequest::OutputType)::'lambda'()) + 236
23 swift-frontend           0x0000000103b30214 swift::NormalProtocolConformance::getTypeWitnessAndDecl(swift::AssociatedTypeDecl*, swift::SubstOptions) const + 452
24 swift-frontend           0x0000000103b2fe64 swift::ProtocolConformance::getTypeWitnessAndDecl(swift::AssociatedTypeDecl*, swift::SubstOptions) const + 520
25 swift-frontend           0x0000000103bec6d8 getMemberForBaseType(swift::InFlightSubstitution&, swift::Type, swift::Type, swift::AssociatedTypeDecl*, swift::Identifier, unsigned int) + 780
26 swift-frontend           0x0000000103beff68 std::__1::optional<swift::Type> llvm::function_ref<std::__1::optional<swift::Type> (swift::TypeBase*)>::callback_fn<substType(swift::Type, unsigned int, swift::InFlightSubstitution&)::$_4>(long, swift::TypeBase*) + 416
27 swift-frontend           0x0000000103bcc590 swift::Type::transformWithPosition(swift::TypePosition, llvm::function_ref<std::__1::optional<swift::Type> (swift::TypeBase*, swift::TypePosition)>) const + 112
28 swift-frontend           0x0000000103bce9bc swift::Type::transformRec(llvm::function_ref<std::__1::optional<swift::Type> (swift::TypeBase*)>) const + 36
29 swift-frontend           0x0000000103bed7f4 substType(swift::Type, unsigned int, swift::InFlightSubstitution&) + 348
30 swift-frontend           0x0000000103bed61c swift::Type::subst(swift::SubstitutionMap, swift::SubstOptions) const + 212
31 swift-frontend           0x0000000103b405a4 swift::ProtocolConformanceRef::getTypeWitnessByName(swift::Type, swift::Identifier) const + 168
32 swift-frontend           0x000000010385ec74 swift::ASTContext::getBridgedToObjC(swift::DeclContext const*, swift::Type, swift::Type*) const + 484
33 swift-frontend           0x0000000103339a2c swift::constraints::ConstraintSystem::simplifyBridgingConstraint(swift::Type, swift::Type, swift::optionset::OptionSet<swift::constraints::ConstraintSystem::TypeMatchFlags, unsigned int>, swift::constraints::ConstraintLocatorBuilder) + 1556
34 swift-frontend           0x0000000103345548 swift::constraints::ConstraintSystem::addConstraintImpl(swift::constraints::ConstraintKind, swift::Type, swift::Type, swift::constraints::ConstraintLocatorBuilder, bool) + 324
35 swift-frontend           0x000000010331ffc0 swift::constraints::ConstraintSystem::addConstraint(swift::constraints::ConstraintKind, swift::Type, swift::Type, swift::constraints::ConstraintLocatorBuilder, bool) + 92
36 swift-frontend           0x00000001034f8c1c swift::TypeChecker::typesSatisfyConstraint(swift::Type, swift::Type, bool, swift::constraints::ConstraintKind, swift::DeclContext*, bool*) + 628
37 swift-frontend           0x00000001034f8f6c swift::TypeChecker::typeCheckCheckedCast(swift::Type, swift::Type, swift::CheckedCastContextKind, swift::DeclContext*) + 300
38 swift-frontend           0x0000000103397d28 swift::constraints::ContextualFailure::tryTypeCoercionFixIt(swift::InFlightDiagnostic&) const + 344
39 swift-frontend           0x0000000103398750 swift::constraints::ArgumentMismatchFailure::diagnoseAsError() + 660
40 swift-frontend           0x000000010337fc20 swift::constraints::AllowArgumentMismatch::diagnose(swift::constraints::Solution const&, bool) const + 112
41 swift-frontend           0x00000001032acf48 swift::constraints::ConstraintSystem::applySolutionFixes(swift::constraints::Solution const&) + 1284
42 swift-frontend           0x00000001032ad5d8 swift::constraints::ConstraintSystem::applySolution(swift::constraints::Solution&, swift::constraints::SyntacticElementTarget) + 96
43 swift-frontend           0x00000001034f7274 swift::TypeChecker::typeCheckTarget(swift::constraints::SyntacticElementTarget&, swift::optionset::OptionSet<swift::TypeCheckExprFlags, unsigned int>) + 396
44 swift-frontend           0x00000001034f7090 swift::TypeChecker::typeCheckExpression(swift::constraints::SyntacticElementTarget&, swift::optionset::OptionSet<swift::TypeCheckExprFlags, unsigned int>) + 184
45 swift-frontend           0x00000001034f750c swift::TypeChecker::typeCheckParameterDefault(swift::Expr*&, swift::DeclContext*, swift::Type, bool, bool) + 272
46 swift-frontend           0x000000010353e1c4 swift::DefaultArgumentExprRequest::evaluate(swift::Evaluator&, swift::ParamDecl*) const + 676
47 swift-frontend           0x0000000103a10fb4 swift::DefaultArgumentExprRequest::OutputType swift::Evaluator::getResultUncached<swift::DefaultArgumentExprRequest, swift::DefaultArgumentExprRequest::OutputType swift::evaluateOrDefault<swift::DefaultArgumentExprRequest>(swift::Evaluator&, swift::DefaultArgumentExprRequest, swift::DefaultArgumentExprRequest::OutputType)::'lambda'()>(swift::DefaultArgumentExprRequest const&, swift::DefaultArgumentExprRequest::OutputType swift::evaluateOrDefault<swift::DefaultArgumentExprRequest>(swift::Evaluator&, swift::DefaultArgumentExprRequest, swift::DefaultArgumentExprRequest::OutputType)::'lambda'()) + 228
48 swift-frontend           0x0000000103985d50 swift::ParamDecl::getTypeCheckedDefaultExpr() const + 300
49 swift-frontend           0x00000001034db6c4 swift::DefaultInitializerIsolation::evaluate(swift::Evaluator&, swift::VarDecl*) const + 388
50 swift-frontend           0x0000000103a008fc swift::DefaultInitializerIsolation::OutputType swift::Evaluator::getResultUncached<swift::DefaultInitializerIsolation, swift::DefaultInitializerIsolation::OutputType swift::evaluateOrDefault<swift::DefaultInitializerIsolation>(swift::Evaluator&, swift::DefaultInitializerIsolation, swift::DefaultInitializerIsolation::OutputType)::'lambda'()>(swift::DefaultInitializerIsolation const&, swift::DefaultInitializerIsolation::OutputType swift::evaluateOrDefault<swift::DefaultInitializerIsolation>(swift::Evaluator&, swift::DefaultInitializerIsolation, swift::DefaultInitializerIsolation::OutputType)::'lambda'()) + 236
51 swift-frontend           0x0000000103a00714 swift::DefaultInitializerIsolation::OutputType swift::Evaluator::getResultCached<swift::DefaultInitializerIsolation, swift::DefaultInitializerIsolation::OutputType swift::evaluateOrDefault<swift::DefaultInitializerIsolation>(swift::Evaluator&, swift::DefaultInitializerIsolation, swift::DefaultInitializerIsolation::OutputType)::'lambda'(), (void*)0>(swift::DefaultInitializerIsolation const&, swift::DefaultInitializerIsolation::OutputType swift::evaluateOrDefault<swift::DefaultInitializerIsolation>(swift::Evaluator&, swift::DefaultInitializerIsolation, swift::DefaultInitializerIsolation::OutputType)::'lambda'()) + 360
52 swift-frontend           0x0000000103970c28 swift::VarDecl::getInitializerIsolation() const + 88
53 swift-frontend           0x00000001034e3af8 (anonymous namespace)::ActorIsolationChecker::checkDefaultArgument(swift::DefaultArgumentExpr*) + 40
54 swift-frontend           0x00000001034e0254 (anonymous namespace)::ActorIsolationChecker::walkToExprPre(swift::Expr*) + 1312
55 swift-frontend           0x000000010390f950 (anonymous namespace)::Traversal::doIt(swift::Expr*) + 44
56 swift-frontend           0x0000000103914450 swift::ArgumentList* llvm::function_ref<swift::ArgumentList* (swift::ArgumentList*)>::callback_fn<(anonymous namespace)::Traversal::doIt(swift::ArgumentList*)::'lambda'(swift::ArgumentList*)>(long, swift::ArgumentList*) + 264
57 swift-frontend           0x00000001039142e4 swift::ArgumentList* (anonymous namespace)::Traversal::traverse<swift::ArgumentList>(swift::ASTWalker::PreWalkResult<swift::ArgumentList*>, llvm::function_ref<swift::ArgumentList* (swift::ArgumentList*)>, llvm::function_ref<swift::ASTWalker::PostWalkResult<swift::ArgumentList*> (swift::ArgumentList*)>) + 84
58 swift-frontend           0x0000000103911920 (anonymous namespace)::Traversal::visitApplyExpr(swift::ApplyExpr*) + 108
59 swift-frontend           0x000000010390fa00 (anonymous namespace)::Traversal::doIt(swift::Expr*) + 220
60 swift-frontend           0x000000010390f918 swift::Expr::walk(swift::ASTWalker&) + 32
61 swift-frontend           0x00000001034db848 swift::DefaultInitializerIsolation::evaluate(swift::Evaluator&, swift::VarDecl*) const + 776
62 swift-frontend           0x0000000103a008fc swift::DefaultInitializerIsolation::OutputType swift::Evaluator::getResultUncached<swift::DefaultInitializerIsolation, swift::DefaultInitializerIsolation::OutputType swift::evaluateOrDefault<swift::DefaultInitializerIsolation>(swift::Evaluator&, swift::DefaultInitializerIsolation, swift::DefaultInitializerIsolation::OutputType)::'lambda'()>(swift::DefaultInitializerIsolation const&, swift::DefaultInitializerIsolation::OutputType swift::evaluateOrDefault<swift::DefaultInitializerIsolation>(swift::Evaluator&, swift::DefaultInitializerIsolation, swift::DefaultInitializerIsolation::OutputType)::'lambda'()) + 236
63 swift-frontend           0x0000000103a00714 swift::DefaultInitializerIsolation::OutputType swift::Evaluator::getResultCached<swift::DefaultInitializerIsolation, swift::DefaultInitializerIsolation::OutputType swift::evaluateOrDefault<swift::DefaultInitializerIsolation>(swift::Evaluator&, swift::DefaultInitializerIsolation, swift::DefaultInitializerIsolation::OutputType)::'lambda'(), (void*)0>(swift::DefaultInitializerIsolation const&, swift::DefaultInitializerIsolation::OutputType swift::evaluateOrDefault<swift::DefaultInitializerIsolation>(swift::Evaluator&, swift::DefaultInitializerIsolation, swift::DefaultInitializerIsolation::OutputType)::'lambda'()) + 360
64 swift-frontend           0x0000000103970c28 swift::VarDecl::getInitializerIsolation() const + 88
65 swift-frontend           0x00000001035541ec checkDefaultArguments(swift::ParameterList*) + 160
66 swift-frontend           0x000000010354ac78 (anonymous namespace)::DeclChecker::visitFuncDecl(swift::FuncDecl*) + 812
67 swift-frontend           0x00000001035402f4 (anonymous namespace)::DeclChecker::visit(swift::Decl*) + 420
68 swift-frontend           0x000000010354c974 (anonymous namespace)::DeclChecker::visitExtensionDecl(swift::ExtensionDecl*) + 5716
69 swift-frontend           0x0000000103540f50 (anonymous namespace)::DeclChecker::visit(swift::Decl*) + 3584
70 swift-frontend           0x000000010354013c swift::TypeChecker::typeCheckDecl(swift::Decl*) + 136
71 swift-frontend           0x000000010360b67c swift::TypeCheckSourceFileRequest::evaluate(swift::Evaluator&, swift::SourceFile*) const + 176
72 swift-frontend           0x000000010360d224 swift::TypeCheckSourceFileRequest::OutputType swift::Evaluator::getResultUncached<swift::TypeCheckSourceFileRequest, swift::TypeCheckSourceFileRequest::OutputType swift::evaluateOrDefault<swift::TypeCheckSourceFileRequest>(swift::Evaluator&, swift::TypeCheckSourceFileRequest, swift::TypeCheckSourceFileRequest::OutputType)::'lambda'()>(swift::TypeCheckSourceFileRequest const&, swift::TypeCheckSourceFileRequest::OutputType swift::evaluateOrDefault<swift::TypeCheckSourceFileRequest>(swift::Evaluator&, swift::TypeCheckSourceFileRequest, swift::TypeCheckSourceFileRequest::OutputType)::'lambda'()) + 232
73 swift-frontend           0x000000010360b5a4 swift::performTypeChecking(swift::SourceFile&) + 84
74 swift-frontend           0x00000001024dd364 bool llvm::function_ref<bool (swift::SourceFile&)>::callback_fn<swift::CompilerInstance::performSema()::$_7>(long, swift::SourceFile&) + 16
75 swift-frontend           0x00000001024d6df4 swift::CompilerInstance::forEachFileToTypeCheck(llvm::function_ref<bool (swift::SourceFile&)>) + 156
76 swift-frontend           0x00000001024d6d38 swift::CompilerInstance::performSema() + 76
77 swift-frontend           0x00000001024e1c84 swift::ExplicitModuleInterfaceBuilder::buildSwiftModuleFromInterface(llvm::StringRef, llvm::StringRef, bool, std::__1::unique_ptr<llvm::MemoryBuffer, std::__1::default_delete<llvm::MemoryBuffer>>*, llvm::ArrayRef<std::__1::basic_string<char, std::__1::char_traits<char>, std::__1::allocator<char>>>, llvm::StringRef) + 1008
78 swift-frontend           0x00000001024e380c std::__1::error_code llvm::function_ref<std::__1::error_code (swift::SubCompilerInstanceInfo&)>::callback_fn<swift::ImplicitModuleInterfaceBuilder::buildSwiftModuleInternal(llvm::StringRef, bool, std::__1::unique_ptr<llvm::MemoryBuffer, std::__1::default_delete<llvm::MemoryBuffer>>*, llvm::ArrayRef<std::__1::basic_string<char, std::__1::char_traits<char>, std::__1::allocator<char>>>)::$_3::operator()() const::'lambda'(swift::SubCompilerInstanceInfo&)>(long, swift::SubCompilerInstanceInfo&) + 208
79 swift-frontend           0x00000001024ee820 swift::InterfaceSubContextDelegateImpl::runInSubCompilerInstance(llvm::StringRef, llvm::StringRef, llvm::StringRef, llvm::StringRef, swift::SourceLoc, bool, llvm::function_ref<std::__1::error_code (swift::SubCompilerInstanceInfo&)>) + 2372
80 swift-frontend           0x00000001024e35a0 void llvm::function_ref<void ()>::callback_fn<swift::ImplicitModuleInterfaceBuilder::buildSwiftModuleInternal(llvm::StringRef, bool, std::__1::unique_ptr<llvm::MemoryBuffer, std::__1::default_delete<llvm::MemoryBuffer>>*, llvm::ArrayRef<std::__1::basic_string<char, std::__1::char_traits<char>, std::__1::allocator<char>>>)::$_3>(long) + 268
81 swift-frontend           0x00000001076bf8cc llvm::CrashRecoveryContext::RunSafely(llvm::function_ref<void ()>) + 164
82 swift-frontend           0x00000001076bf9ec RunSafelyOnThread_Dispatch(void*) + 52
83 swift-frontend           0x00000001076bfa14 void* llvm::thread::ThreadProxy<std::__1::tuple<void (*)(void*), (anonymous namespace)::RunSafelyOnThreadInfo*>>(void*) + 24
84 libsystem_pthread.dylib  0x000000018ae6abc8 _pthread_start + 136
85 libsystem_pthread.dylib  0x000000018ae65b80 thread_start + 8
  error: compile command failed due to signal 6 (use -v to see invocation)
/Applications/Xcode.app/Contents/Developer/Platforms/MacOSX.platform/Developer/SDKs/MacOSX26.0.sdk/usr/include/module.modulemap:92:1: note: in file included from /Applications/Xcode.app/Contents/Developer/Platforms/MacOSX.platform/Developer/SDKs/MacOSX26.0.sdk/usr/include/module.modulemap:92:
 90 |
 91 | // Base interfaces below the C standard library.
 92 | extern module os_availability "DarwinFoundation1.modulemap"
    | `- note: in file included from /Applications/Xcode.app/Contents/Developer/Platforms/MacOSX.platform/Developer/SDKs/MacOSX26.0.sdk/usr/include/module.modulemap:92:
 93 | extern module sys_appleapiopts "DarwinFoundation1.modulemap"
 94 | extern module sys_cdefs "DarwinFoundation1.modulemap"

<unknown>:0: error: could not build Objective-C module '_Builtin_float'
/Applications/Xcode.app/Contents/Developer/Platforms/MacOSX.platform/Developer/SDKs/MacOSX26.0.sdk/usr/include/DarwinFoundation1.modulemap:306:8: error: module '_c_standard_library_obsolete' requires feature 'found_incompatible_headers__check_search_paths'
304 | // is here to generate early errors if client search paths are set up
305 | // incorrectly.
306 | module _c_standard_library_obsolete [system] {
    |        `- error: module '_c_standard_library_obsolete' requires feature 'found_incompatible_headers__check_search_paths'
307 |   requires found_incompatible_headers__check_search_paths
308 |

/Library/Developer/Toolchains/swift-6.0.1-RELEASE.xctoolchain/usr/lib/swift/clang/include/float.h:28:17: note: submodule of top-level module '_c_standard_library_obsolete' implicitly imported here
 26 | #endif
 27 |
 28 | #  include_next <float.h>
    |                 `- note: submodule of top-level module '_c_standard_library_obsolete' implicitly imported here
 29 |
 30 | /* Undefine anything that we'll be redefining below. */

/Applications/Xcode.app/Contents/Developer/Platforms/MacOSX.platform/Developer/SDKs/MacOSX26.0.sdk/System/Library/Frameworks/Combine.framework/Modules/Combine.swiftmodule/arm64e-apple-macos.swiftinterface:5:8: error: failed to build module 'Darwin'; this SDK is not supported by the compiler (the SDK is built with 'Apple Swift version 6.2 (swiftlang-6.2.0.16.14 clang-1700.3.16.4)', while this compiler is 'Apple Swift version 6.0.1 (swift-6.0.1-RELEASE)'). Please select a toolchain which matches the SDK.
   3 | // swift-module-flags: -target arm64e-apple-macos26.0 -target-variant arm64e-apple-ios18.0-macabi -enable-objc-interop -enable-library-evolution -swift-version 5 -enforce-exclusivity=checked -O -library-level api -enable-library-evolution -enable-library-evolution -enable-library-evolution -enable-library-evolution -enable-library-evolution -enable-experimental-feature DebugDescriptionMacro -enable-bare-slash-regex -user-module-version 3023 -module-name Combine
   4 | // swift-module-flags-ignorable:  -formal-cxx-interoperability-mode=off -interface-compiler-version 6.2
   5 | import Darwin
     |        `- error: failed to build module 'Darwin'; this SDK is not supported by the compiler (the SDK is built with 'Apple Swift version 6.2 (swiftlang-6.2.0.16.14 clang-1700.3.16.4)', while this compiler is 'Apple Swift version 6.0.1 (swift-6.0.1-RELEASE)'). Please select a toolchain which matches the SDK.
   6 | import Swift
   7 | import _Concurrency

/Applications/Xcode.app/Contents/Developer/Platforms/MacOSX.platform/Developer/SDKs/MacOSX26.0.sdk/usr/include/module.modulemap: 0:
<unknown>:0: error: could not build Objective-C module '_Builtin_float'
/Applications/Xcode.app/Contents/Developer/Platforms/MacOSX.platform/Developer/SDKs/MacOSX26.0.sdk/usr/include/DarwinFoundation1.modulemap: 0:
/Library/Developer/Toolchains/swift-6.0.1-RELEASE.xctoolchain/usr/lib/swift/clang/include/float.h: 0:
/Applications/Xcode.app/Contents/Developer/Platforms/MacOSX.platform/Developer/SDKs/MacOSX26.0.sdk/System/Library/Frameworks/Foundation.framework/Modules/Foundation.swiftmodule/arm64e-apple-macos.swiftinterface:6:8: error: failed to build module 'Combine'; this SDK is not supported by the compiler (the SDK is built with 'Apple Swift version 6.2 effective-5.10 (swiftlang-6.2.0.16.14 clang-1700.3.16.4)', while this compiler is 'Apple Swift version 6.0.1 (swift-6.0.1-RELEASE)'). Please select a toolchain which matches the SDK.
    4 | // swift-module-flags-ignorable:  -formal-cxx-interoperability-mode=off -interface-compiler-version 6.2
    5 | import Builtin
    6 | import Combine
      |        `- error: failed to build module 'Combine'; this SDK is not supported by the compiler (the SDK is built with 'Apple Swift version 6.2 effective-5.10 (swiftlang-6.2.0.16.14 clang-1700.3.16.4)', while this compiler is 'Apple Swift version 6.0.1 (swift-6.0.1-RELEASE)'). Please select a toolchain which matches the SDK.
    7 | import CoreFoundation
    8 | import Darwin

/Applications/Xcode.app/Contents/Developer/Platforms/MacOSX.platform/Developer/SDKs/MacOSX26.0.sdk/System/Library/Frameworks/CoreFoundation.framework/Headers/CoreFoundation.h:23:10: note: while building module '_Builtin_float' imported from /Applications/Xcode.app/Contents/Developer/Platforms/MacOSX.platform/Developer/SDKs/MacOSX26.0.sdk/System/Library/Frameworks/CoreFoundation.framework/Headers/CoreFoundation.h:23:
 21 | #include <ctype.h>
 22 | #include <errno.h>
 23 | #include <float.h>
    |          `- note: while building module '_Builtin_float' imported from /Applications/Xcode.app/Contents/Developer/Platforms/MacOSX.platform/Developer/SDKs/MacOSX26.0.sdk/System/Library/Frameworks/CoreFoundation.framework/Headers/CoreFoundation.h:23:
 24 | #include <limits.h>
 25 | #if !0

/Applications/Xcode.app/Contents/Developer/Platforms/MacOSX.platform/Developer/SDKs/MacOSX26.0.sdk/usr/include/module.modulemap:92:1: note: in file included from /Applications/Xcode.app/Contents/Developer/Platforms/MacOSX.platform/Developer/SDKs/MacOSX26.0.sdk/usr/include/module.modulemap:92:
 90 |
 91 | // Base interfaces below the C standard library.
 92 | extern module os_availability "DarwinFoundation1.modulemap"
    | `- note: in file included from /Applications/Xcode.app/Contents/Developer/Platforms/MacOSX.platform/Developer/SDKs/MacOSX26.0.sdk/usr/include/module.modulemap:92:
 93 | extern module sys_appleapiopts "DarwinFoundation1.modulemap"
 94 | extern module sys_cdefs "DarwinFoundation1.modulemap"

/Applications/Xcode.app/Contents/Developer/Platforms/MacOSX.platform/Developer/SDKs/MacOSX26.0.sdk/usr/include/DarwinFoundation1.modulemap:306:8: error: module '_c_standard_library_obsolete' requires feature 'found_incompatible_headers__check_search_paths'
304 | // is here to generate early errors if client search paths are set up
305 | // incorrectly.
306 | module _c_standard_library_obsolete [system] {
    |        `- error: module '_c_standard_library_obsolete' requires feature 'found_incompatible_headers__check_search_paths'
307 |   requires found_incompatible_headers__check_search_paths
308 |

/Library/Developer/Toolchains/swift-6.0.1-RELEASE.xctoolchain/usr/lib/swift/clang/include/float.h:28:17: note: submodule of top-level module '_c_standard_library_obsolete' implicitly imported here
 26 | #endif
 27 |
 28 | #  include_next <float.h>
    |                 `- note: submodule of top-level module '_c_standard_library_obsolete' implicitly imported here
 29 |
 30 | /* Undefine anything that we'll be redefining below. */

<module-includes>:1:9: note: in file included from <module-includes>:1:
1 | #import "Headers/CoreFoundation.h"
  |         `- note: in file included from <module-includes>:1:
2 | #import "Headers/CFPlugInCOM.h"
3 |

/Applications/Xcode.app/Contents/Developer/Platforms/MacOSX.platform/Developer/SDKs/MacOSX26.0.sdk/System/Library/Frameworks/CoreFoundation.framework/Headers/CoreFoundation.h:23:10: error: could not build module '_Builtin_float'
 21 | #include <ctype.h>
 22 | #include <errno.h>
 23 | #include <float.h>
    |          `- error: could not build module '_Builtin_float'
 24 | #include <limits.h>
 25 | #if !0

/Applications/Xcode.app/Contents/Developer/Platforms/MacOSX.platform/Developer/SDKs/MacOSX26.0.sdk/usr/lib/swift/CoreFoundation.swiftmodule/arm64e-apple-macos.swiftinterface: 0:
/Applications/Xcode.app/Contents/Developer/Platforms/MacOSX.platform/Developer/SDKs/MacOSX26.0.sdk/usr/include/module.modulemap: 0:
<unknown>:0: error: could not build Objective-C module '_Builtin_float'
/Applications/Xcode.app/Contents/Developer/Platforms/MacOSX.platform/Developer/SDKs/MacOSX26.0.sdk/usr/include/DarwinFoundation1.modulemap: 0:
/Library/Developer/Toolchains/swift-6.0.1-RELEASE.xctoolchain/usr/lib/swift/clang/include/float.h: 0:
/Applications/Xcode.app/Contents/Developer/Platforms/MacOSX.platform/Developer/SDKs/MacOSX26.0.sdk/usr/include/module.modulemap: 0:
<unknown>:0: error: could not build Objective-C module '_Builtin_float'
/Applications/Xcode.app/Contents/Developer/Platforms/MacOSX.platform/Developer/SDKs/MacOSX26.0.sdk/usr/include/DarwinFoundation1.modulemap: 0:
/Library/Developer/Toolchains/swift-6.0.1-RELEASE.xctoolchain/usr/lib/swift/clang/include/float.h: 0:
/Applications/Xcode.app/Contents/Developer/Platforms/MacOSX.platform/Developer/SDKs/MacOSX26.0.sdk/usr/include/module.modulemap:92:1: note: in file included from /Applications/Xcode.app/Contents/Developer/Platforms/MacOSX.platform/Developer/SDKs/MacOSX26.0.sdk/usr/include/module.modulemap:92:
 90 |
 91 | // Base interfaces below the C standard library.
 92 | extern module os_availability "DarwinFoundation1.modulemap"
    | `- note: in file included from /Applications/Xcode.app/Contents/Developer/Platforms/MacOSX.platform/Developer/SDKs/MacOSX26.0.sdk/usr/include/module.modulemap:92:
 93 | extern module sys_appleapiopts "DarwinFoundation1.modulemap"
 94 | extern module sys_cdefs "DarwinFoundation1.modulemap"

<unknown>:0: error: could not build Objective-C module '_Builtin_float'
/Applications/Xcode.app/Contents/Developer/Platforms/MacOSX.platform/Developer/SDKs/MacOSX26.0.sdk/usr/include/DarwinFoundation1.modulemap:306:8: error: module '_c_standard_library_obsolete' requires feature 'found_incompatible_headers__check_search_paths'
304 | // is here to generate early errors if client search paths are set up
305 | // incorrectly.
306 | module _c_standard_library_obsolete [system] {
    |        `- error: module '_c_standard_library_obsolete' requires feature 'found_incompatible_headers__check_search_paths'
307 |   requires found_incompatible_headers__check_search_paths
308 |

/Library/Developer/Toolchains/swift-6.0.1-RELEASE.xctoolchain/usr/lib/swift/clang/include/float.h:28:17: note: submodule of top-level module '_c_standard_library_obsolete' implicitly imported here
 26 | #endif
 27 |
 28 | #  include_next <float.h>
    |                 `- note: submodule of top-level module '_c_standard_library_obsolete' implicitly imported here
 29 |
 30 | /* Undefine anything that we'll be redefining below. */

/Applications/Xcode.app/Contents/Developer/Platforms/MacOSX.platform/Developer/SDKs/MacOSX26.0.sdk/System/Library/Frameworks/Combine.framework/Modules/Combine.swiftmodule/arm64e-apple-macos.swiftinterface:5:8: error: failed to build module 'Darwin'; this SDK is not supported by the compiler (the SDK is built with 'Apple Swift version 6.2 (swiftlang-6.2.0.16.14 clang-1700.3.16.4)', while this compiler is 'Apple Swift version 6.0.1 (swift-6.0.1-RELEASE)'). Please select a toolchain which matches the SDK.
   3 | // swift-module-flags: -target arm64e-apple-macos26.0 -target-variant arm64e-apple-ios18.0-macabi -enable-objc-interop -enable-library-evolution -swift-version 5 -enforce-exclusivity=checked -O -library-level api -enable-library-evolution -enable-library-evolution -enable-library-evolution -enable-library-evolution -enable-library-evolution -enable-experimental-feature DebugDescriptionMacro -enable-bare-slash-regex -user-module-version 3023 -module-name Combine
   4 | // swift-module-flags-ignorable:  -formal-cxx-interoperability-mode=off -interface-compiler-version 6.2
   5 | import Darwin
     |        `- error: failed to build module 'Darwin'; this SDK is not supported by the compiler (the SDK is built with 'Apple Swift version 6.2 (swiftlang-6.2.0.16.14 clang-1700.3.16.4)', while this compiler is 'Apple Swift version 6.0.1 (swift-6.0.1-RELEASE)'). Please select a toolchain which matches the SDK.
   6 | import Swift
   7 | import _Concurrency

/Applications/Xcode.app/Contents/Developer/Platforms/MacOSX.platform/Developer/SDKs/MacOSX26.0.sdk/usr/include/module.modulemap: 0:
<unknown>:0: error: could not build Objective-C module '_Builtin_float'
/Applications/Xcode.app/Contents/Developer/Platforms/MacOSX.platform/Developer/SDKs/MacOSX26.0.sdk/usr/include/DarwinFoundation1.modulemap: 0:
/Library/Developer/Toolchains/swift-6.0.1-RELEASE.xctoolchain/usr/lib/swift/clang/include/float.h: 0:
/Applications/Xcode.app/Contents/Developer/Platforms/MacOSX.platform/Developer/SDKs/MacOSX26.0.sdk/usr/lib/swift/Dispatch.swiftmodule/arm64e-apple-macos.swiftinterface: 0:
/Applications/Xcode.app/Contents/Developer/Platforms/MacOSX.platform/Developer/SDKs/MacOSX26.0.sdk/usr/include/module.modulemap: 0:
<unknown>:0: error: could not build Objective-C module '_Builtin_float'
/Applications/Xcode.app/Contents/Developer/Platforms/MacOSX.platform/Developer/SDKs/MacOSX26.0.sdk/usr/include/DarwinFoundation1.modulemap: 0:
/Library/Developer/Toolchains/swift-6.0.1-RELEASE.xctoolchain/usr/lib/swift/clang/include/float.h: 0:
/Applications/Xcode.app/Contents/Developer/Platforms/MacOSX.platform/Developer/SDKs/MacOSX26.0.sdk/usr/include/module.modulemap: 0:
<unknown>:0: error: could not build Objective-C module '_Builtin_float'
/Applications/Xcode.app/Contents/Developer/Platforms/MacOSX.platform/Developer/SDKs/MacOSX26.0.sdk/usr/include/DarwinFoundation1.modulemap: 0:
/Library/Developer/Toolchains/swift-6.0.1-RELEASE.xctoolchain/usr/lib/swift/clang/include/float.h: 0:
/Applications/Xcode.app/Contents/Developer/Platforms/MacOSX.platform/Developer/SDKs/MacOSX26.0.sdk/usr/include/module.modulemap: 0:
<unknown>:0: error: could not build Objective-C module '_Builtin_float'
/Applications/Xcode.app/Contents/Developer/Platforms/MacOSX.platform/Developer/SDKs/MacOSX26.0.sdk/usr/include/DarwinFoundation1.modulemap: 0:
/Library/Developer/Toolchains/swift-6.0.1-RELEASE.xctoolchain/usr/lib/swift/clang/include/float.h: 0:
/Applications/Xcode.app/Contents/Developer/Platforms/MacOSX.platform/Developer/SDKs/MacOSX26.0.sdk/usr/lib/swift/Darwin.swiftmodule/arm64e-apple-macos.swiftinterface: 0:
<unknown>:0: error: could not build Objective-C module '_Builtin_float'
/Applications/Xcode.app/Contents/Developer/Platforms/MacOSX.platform/Developer/SDKs/MacOSX26.0.sdk/usr/include/DarwinFoundation1.modulemap: 0:
/Library/Developer/Toolchains/swift-6.0.1-RELEASE.xctoolchain/usr/lib/swift/clang/include/float.h: 0:
/Applications/Xcode.app/Contents/Developer/Platforms/MacOSX.platform/Developer/SDKs/MacOSX26.0.sdk/usr/include/module.modulemap: 0:
<unknown>:0: error: could not build Objective-C module '_Builtin_float'
/Applications/Xcode.app/Contents/Developer/Platforms/MacOSX.platform/Developer/SDKs/MacOSX26.0.sdk/usr/include/DarwinFoundation1.modulemap: 0:
/Library/Developer/Toolchains/swift-6.0.1-RELEASE.xctoolchain/usr/lib/swift/clang/include/float.h: 0:
/Applications/Xcode.app/Contents/Developer/Platforms/MacOSX.platform/Developer/SDKs/MacOSX26.0.sdk/usr/lib/swift/Darwin.swiftmodule/arm64e-apple-macos.swiftinterface: 0:
<unknown>:0: error: could not build Objective-C module '_Builtin_float'
/Applications/Xcode.app/Contents/Developer/Platforms/MacOSX.platform/Developer/SDKs/MacOSX26.0.sdk/usr/include/DarwinFoundation1.modulemap: 0:
/Library/Developer/Toolchains/swift-6.0.1-RELEASE.xctoolchain/usr/lib/swift/clang/include/float.h: 0:
/Applications/Xcode.app/Contents/Developer/Platforms/MacOSX.platform/Developer/SDKs/MacOSX26.0.sdk/usr/include/module.modulemap: 0:
<unknown>:0: error: could not build Objective-C module '_Builtin_float'
/Applications/Xcode.app/Contents/Developer/Platforms/MacOSX.platform/Developer/SDKs/MacOSX26.0.sdk/usr/include/DarwinFoundation1.modulemap: 0:
/Library/Developer/Toolchains/swift-6.0.1-RELEASE.xctoolchain/usr/lib/swift/clang/include/float.h: 0:
/Applications/Xcode.app/Contents/Developer/Platforms/MacOSX.platform/Developer/SDKs/MacOSX26.0.sdk/System/Library/Frameworks/Combine.framework/Modules/Combine.swiftmodule/arm64e-apple-macos.swiftinterface:5:8: error: failed to build module 'Darwin'; this SDK is not supported by the compiler (the SDK is built with 'Apple Swift version 6.2 (swiftlang-6.2.0.16.14 clang-1700.3.16.4)', while this compiler is 'Apple Swift version 6.0.1 (swift-6.0.1-RELEASE)'). Please select a toolchain which matches the SDK.
   3 | // swift-module-flags: -target arm64e-apple-macos26.0 -target-variant arm64e-apple-ios18.0-macabi -enable-objc-interop -enable-library-evolution -swift-version 5 -enforce-exclusivity=checked -O -library-level api -enable-library-evolution -enable-library-evolution -enable-library-evolution -enable-library-evolution -enable-library-evolution -enable-experimental-feature DebugDescriptionMacro -enable-bare-slash-regex -user-module-version 3023 -module-name Combine
   4 | // swift-module-flags-ignorable:  -formal-cxx-interoperability-mode=off -interface-compiler-version 6.2
   5 | import Darwin
     |        `- error: failed to build module 'Darwin'; this SDK is not supported by the compiler (the SDK is built with 'Apple Swift version 6.2 (swiftlang-6.2.0.16.14 clang-1700.3.16.4)', while this compiler is 'Apple Swift version 6.0.1 (swift-6.0.1-RELEASE)'). Please select a toolchain which matches the SDK.
   6 | import Swift
   7 | import _Concurrency

/Applications/Xcode.app/Contents/Developer/Platforms/MacOSX.platform/Developer/SDKs/MacOSX26.0.sdk/usr/include/module.modulemap: 0:
<unknown>:0: error: could not build Objective-C module '_Builtin_float'
/Applications/Xcode.app/Contents/Developer/Platforms/MacOSX.platform/Developer/SDKs/MacOSX26.0.sdk/usr/include/DarwinFoundation1.modulemap: 0:
/Library/Developer/Toolchains/swift-6.0.1-RELEASE.xctoolchain/usr/lib/swift/clang/include/float.h: 0:
/Applications/Xcode.app/Contents/Developer/Platforms/MacOSX.platform/Developer/SDKs/MacOSX26.0.sdk/usr/lib/swift/Dispatch.swiftmodule/arm64e-apple-macos.swiftinterface: 0:
/Applications/Xcode.app/Contents/Developer/Platforms/MacOSX.platform/Developer/SDKs/MacOSX26.0.sdk/usr/include/module.modulemap: 0:
<unknown>:0: error: could not build Objective-C module '_Builtin_float'
/Applications/Xcode.app/Contents/Developer/Platforms/MacOSX.platform/Developer/SDKs/MacOSX26.0.sdk/usr/include/DarwinFoundation1.modulemap: 0:
/Library/Developer/Toolchains/swift-6.0.1-RELEASE.xctoolchain/usr/lib/swift/clang/include/float.h: 0:
/Applications/Xcode.app/Contents/Developer/Platforms/MacOSX.platform/Developer/SDKs/MacOSX26.0.sdk/usr/include/module.modulemap: 0:
<unknown>:0: error: could not build Objective-C module '_Builtin_float'
/Applications/Xcode.app/Contents/Developer/Platforms/MacOSX.platform/Developer/SDKs/MacOSX26.0.sdk/usr/include/DarwinFoundation1.modulemap: 0:
/Library/Developer/Toolchains/swift-6.0.1-RELEASE.xctoolchain/usr/lib/swift/clang/include/float.h: 0:
/Applications/Xcode.app/Contents/Developer/Platforms/MacOSX.platform/Developer/SDKs/MacOSX26.0.sdk/usr/include/module.modulemap: 0:
<unknown>:0: error: could not build Objective-C module '_Builtin_float'
/Applications/Xcode.app/Contents/Developer/Platforms/MacOSX.platform/Developer/SDKs/MacOSX26.0.sdk/usr/include/DarwinFoundation1.modulemap: 0:
/Library/Developer/Toolchains/swift-6.0.1-RELEASE.xctoolchain/usr/lib/swift/clang/include/float.h: 0:
/Applications/Xcode.app/Contents/Developer/Platforms/MacOSX.platform/Developer/SDKs/MacOSX26.0.sdk/usr/lib/swift/Darwin.swiftmodule/arm64e-apple-macos.swiftinterface: 0:
<unknown>:0: error: could not build Objective-C module '_Builtin_float'
/Applications/Xcode.app/Contents/Developer/Platforms/MacOSX.platform/Developer/SDKs/MacOSX26.0.sdk/usr/include/DarwinFoundation1.modulemap: 0:
/Library/Developer/Toolchains/swift-6.0.1-RELEASE.xctoolchain/usr/lib/swift/clang/include/float.h: 0:
/Applications/Xcode.app/Contents/Developer/Platforms/MacOSX.platform/Developer/SDKs/MacOSX26.0.sdk/usr/include/module.modulemap: 0:
<unknown>:0: error: could not build Objective-C module '_Builtin_float'
/Applications/Xcode.app/Contents/Developer/Platforms/MacOSX.platform/Developer/SDKs/MacOSX26.0.sdk/usr/include/DarwinFoundation1.modulemap: 0:
/Library/Developer/Toolchains/swift-6.0.1-RELEASE.xctoolchain/usr/lib/swift/clang/include/float.h: 0:
/Applications/Xcode.app/Contents/Developer/Platforms/MacOSX.platform/Developer/SDKs/MacOSX26.0.sdk/usr/lib/swift/Darwin.swiftmodule/arm64e-apple-macos.swiftinterface: 0:
<unknown>:0: error: could not build Objective-C module '_Builtin_float'
/Applications/Xcode.app/Contents/Developer/Platforms/MacOSX.platform/Developer/SDKs/MacOSX26.0.sdk/usr/include/DarwinFoundation1.modulemap: 0:
/Library/Developer/Toolchains/swift-6.0.1-RELEASE.xctoolchain/usr/lib/swift/clang/include/float.h: 0:
/Applications/Xcode.app/Contents/Developer/Platforms/MacOSX.platform/Developer/SDKs/MacOSX26.0.sdk/usr/include/module.modulemap: 0:
<unknown>:0: error: could not build Objective-C module '_Builtin_float'
/Applications/Xcode.app/Contents/Developer/Platforms/MacOSX.platform/Developer/SDKs/MacOSX26.0.sdk/usr/include/DarwinFoundation1.modulemap: 0:
/Library/Developer/Toolchains/swift-6.0.1-RELEASE.xctoolchain/usr/lib/swift/clang/include/float.h: 0:
/Applications/Xcode.app/Contents/Developer/Platforms/MacOSX.platform/Developer/SDKs/MacOSX26.0.sdk/usr/lib/swift/Darwin.swiftmodule/arm64e-apple-macos.swiftinterface: 0:
<unknown>:0: error: could not build Objective-C module '_Builtin_float'
/Applications/Xcode.app/Contents/Developer/Platforms/MacOSX.platform/Developer/SDKs/MacOSX26.0.sdk/usr/include/DarwinFoundation1.modulemap: 0:
/Library/Developer/Toolchains/swift-6.0.1-RELEASE.xctoolchain/usr/lib/swift/clang/include/float.h: 0:
/Applications/Xcode.app/Contents/Developer/Platforms/MacOSX.platform/Developer/SDKs/MacOSX26.0.sdk/usr/include/module.modulemap: 0:
<unknown>:0: error: could not build Objective-C module '_Builtin_float'
/Applications/Xcode.app/Contents/Developer/Platforms/MacOSX.platform/Developer/SDKs/MacOSX26.0.sdk/usr/include/DarwinFoundation1.modulemap: 0:
/Library/Developer/Toolchains/swift-6.0.1-RELEASE.xctoolchain/usr/lib/swift/clang/include/float.h: 0:
/Applications/Xcode.app/Contents/Developer/Platforms/MacOSX.platform/Developer/SDKs/MacOSX26.0.sdk/usr/lib/swift/Darwin.swiftmodule/arm64e-apple-macos.swiftinterface: 0:
<unknown>:0: error: could not build Objective-C module '_Builtin_float'
/Applications/Xcode.app/Contents/Developer/Platforms/MacOSX.platform/Developer/SDKs/MacOSX26.0.sdk/usr/include/DarwinFoundation1.modulemap: 0:
/Library/Developer/Toolchains/swift-6.0.1-RELEASE.xctoolchain/usr/lib/swift/clang/include/float.h: 0:
/Applications/Xcode.app/Contents/Developer/Platforms/MacOSX.platform/Developer/SDKs/MacOSX26.0.sdk/usr/include/module.modulemap: 0:
<unknown>:0: error: could not build Objective-C module '_Builtin_float'
/Applications/Xcode.app/Contents/Developer/Platforms/MacOSX.platform/Developer/SDKs/MacOSX26.0.sdk/usr/include/DarwinFoundation1.modulemap: 0:
/Library/Developer/Toolchains/swift-6.0.1-RELEASE.xctoolchain/usr/lib/swift/clang/include/float.h: 0:
/Applications/Xcode.app/Contents/Developer/Platforms/MacOSX.platform/Developer/SDKs/MacOSX26.0.sdk/usr/lib/swift/System.swiftmodule/arm64e-apple-macos.swiftinterface: 0:
/Applications/Xcode.app/Contents/Developer/Platforms/MacOSX.platform/Developer/SDKs/MacOSX26.0.sdk/usr/include/module.modulemap: 0:
<unknown>:0: error: could not build Objective-C module '_Builtin_float'
Assertion failed: (!ActiveDiagnostic && "Already have an active diagnostic"), function diagnose, file DiagnosticEngine.h, line 1210.
Please submit a bug report (https://swift.org/contributing/#reporting-bugs) and include the crash backtrace.
Stack dump:
0.      Program arguments: /Library/Developer/Toolchains/swift-6.0.1-RELEASE.xctoolchain/usr/bin/swift-frontend -frontend -c -primary-file /Users/lorenzoferrante/Library/Developer/Xcode/DerivedData/Nexus-auhzzmxyklfadaefkuhiugmopjnn/SourcePackages/checkouts/supabase-swift/Package.swift -target arm64-apple-macos14.0 -Xllvm -aarch64-use-tbi -enable-objc-interop -sdk /Applications/Xcode.app/Contents/Developer/Platforms/MacOSX.platform/Developer/SDKs/MacOSX26.0.sdk -I /Library/Developer/Toolchains/swift-6.0.1-RELEASE.xctoolchain/usr/lib/swift/macosx/testing -I /Applications/Xcode.app/Contents/SharedFrameworks/SwiftPM.framework/SharedSupport/ManifestAPI -vfsoverlay /var/folders/nt/42xdb6195bddcyy1nbtzc3z80000gn/T/TemporaryDirectory.xlXPkr/vfs.yaml -swift-version 5 -package-description-version 5.10.0 -serialize-diagnostics-path /Users/lorenzoferrante/Library/Caches/org.swift.swiftpm/manifests/ManifestLoading/supabase-swift.dia -empty-abi-descriptor -plugin-path /Library/Developer/Toolchains/swift-6.0.1-RELEASE.xctoolchain/usr/lib/swift/host/plugins/testing -resource-dir /Library/Developer/Toolchains/swift-6.0.1-RELEASE.xctoolchain/usr/lib/swift -module-name main -plugin-path /Library/Developer/Toolchains/swift-6.0.1-RELEASE.xctoolchain/usr/lib/swift/host/plugins -plugin-path /Library/Developer/Toolchains/swift-6.0.1-RELEASE.xctoolchain/usr/local/lib/swift/host/plugins -target-sdk-version 26.0 -target-sdk-name macosx26.0 -external-plugin-path /Applications/Xcode.app/Contents/Developer/Platforms/MacOSX.platform/Developer/usr/lib/swift/host/plugins#/Applications/Xcode.app/Contents/Developer/Platforms/MacOSX.platform/Developer/usr/bin/swift-plugin-server -external-plugin-path /Applications/Xcode.app/Contents/Developer/Platforms/MacOSX.platform/Developer/usr/local/lib/swift/host/plugins#/Applications/Xcode.app/Contents/Developer/Platforms/MacOSX.platform/Developer/usr/bin/swift-plugin-server -o /var/folders/nt/42xdb6195bddcyy1nbtzc3z80000gn/T/TemporaryDirectory.kkIOC3/Package-1.o
1.      Apple Swift version 6.0.1 (swift-6.0.1-RELEASE)
2.      Compiling with effective version 5.10
3.      While evaluating request TypeCheckSourceFileRequest(source_file "/Applications/Xcode.app/Contents/Developer/Platforms/MacOSX.platform/Developer/SDKs/MacOSX26.0.sdk/System/Library/Frameworks/Foundation.framework/Modules/Foundation.swiftmodule/arm64e-apple-macos.swiftinterface")
4.      While type-checking extension of Date (at /Applications/Xcode.app/Contents/Developer/Platforms/MacOSX.platform/Developer/SDKs/MacOSX26.0.sdk/System/Library/Frameworks/Foundation.framework/Modules/Foundation.swiftmodule/arm64e-apple-macos.swiftinterface:11568:1)
5.      While type-checking 'ISO8601Format(_:)' (at /Applications/Xcode.app/Contents/Developer/Platforms/MacOSX.platform/Developer/SDKs/MacOSX26.0.sdk/System/Library/Frameworks/Foundation.framework/Modules/Foundation.swiftmodule/arm64e-apple-macos.swiftinterface:11569:10)
6.      While evaluating request DefaultInitializerIsolation(Foundation.(file).Date extension.ISO8601Format(_:).style@/Applications/Xcode.app/Contents/Developer/Platforms/MacOSX.platform/Developer/SDKs/MacOSX26.0.sdk/System/Library/Frameworks/Foundation.framework/Modules/Foundation.swiftmodule/arm64e-apple-macos.swiftinterface:11569:31)
7.      While evaluating request DefaultInitializerIsolation(Foundation.(file).Date extension.ISO8601FormatStyle.init(dateSeparator:dateTimeSeparator:timeSeparator:timeZoneSeparator:includingFractionalSeconds:timeZone:).timeZone@/Applications/Xcode.app/Contents/Developer/Platforms/MacOSX.platform/Developer/SDKs/MacOSX26.0.sdk/System/Library/Frameworks/Foundation.framework/Modules/Foundation.swiftmodule/arm64e-apple-macos.swiftinterface:11646:381)
8.      While evaluating request DefaultArgumentExprRequest(Foundation.(file).Date extension.ISO8601FormatStyle.init(dateSeparator:dateTimeSeparator:timeSeparator:timeZoneSeparator:includingFractionalSeconds:timeZone:).timeZone@/Applications/Xcode.app/Contents/Developer/Platforms/MacOSX.platform/Developer/SDKs/MacOSX26.0.sdk/System/Library/Frameworks/Foundation.framework/Modules/Foundation.swiftmodule/arm64e-apple-macos.swiftinterface:11646:381)
9.      While type-checking expression at [/Applications/Xcode.app/Contents/Developer/Platforms/MacOSX.platform/Developer/SDKs/MacOSX26.0.sdk/System/Library/Frameworks/Foundation.framework/Modules/Foundation.swiftmodule/arm64e-apple-macos.swiftinterface:11646:413 - line:11646:440] RangeText="TimeZone(secondsFromGMT: 0)"
10.     While type-checking-target starting at /Applications/Xcode.app/Contents/Developer/Platforms/MacOSX.platform/Developer/SDKs/MacOSX26.0.sdk/System/Library/Frameworks/Foundation.framework/Modules/Foundation.swiftmodule/arm64e-apple-macos.swiftinterface:11646:440
11.     While evaluating request TypeWitnessRequest(Int: _ObjectiveCBridgeable module Foundation, Swift.(file)._ObjectiveCBridgeable._ObjectiveCType)
12.     While evaluating request InterfaceTypeRequest(Foundation.(file).Int extension._ObjectiveCType@/Applications/Xcode.app/Contents/Developer/Platforms/MacOSX.platform/Developer/SDKs/MacOSX26.0.sdk/System/Library/Frameworks/Foundation.framework/Modules/Foundation.swiftmodule/arm64e-apple-macos.swiftinterface:23725:20)
13.     While evaluating request UnderlyingTypeRequest(Foundation.(file).Int extension._ObjectiveCType@/Applications/Xcode.app/Contents/Developer/Platforms/MacOSX.platform/Developer/SDKs/MacOSX26.0.sdk/System/Library/Frameworks/Foundation.framework/Modules/Foundation.swiftmodule/arm64e-apple-macos.swiftinterface:23725:20)
14.     While evaluating request ResolveTypeRequest(while resolving type , Foundation.NSNumber)
Stack dump without symbol names (ensure you have llvm-symbolizer in your PATH or set the environment var `LLVM_SYMBOLIZER_PATH` to point to it):
0  swift-frontend           0x0000000105fc1b78 llvm::sys::PrintStackTrace(llvm::raw_ostream&, int) + 56
1  swift-frontend           0x0000000105fc0344 llvm::sys::RunSignalHandlers() + 112
2  swift-frontend           0x0000000105fc21c0 SignalHandler(int) + 304
3  libsystem_platform.dylib 0x000000018ae74704 _sigtramp + 56
4  libsystem_pthread.dylib  0x000000018ae6a848 pthread_kill + 296
5  libsystem_c.dylib        0x000000018ad70808 abort + 124
6  libsystem_c.dylib        0x000000018ad6fa3c err + 0
7  swift-frontend           0x00000001064438c0 diagnoseUnknownType(swift::TypeResolution, swift::Type, swift::SourceRange, swift::DeclRefTypeRepr*, swift::optionset::OptionSet<swift::NameLookupFlags, unsigned int>) (.cold.30) + 0
8  swift-frontend           0x0000000101e7c720 diagnoseUnknownType(swift::TypeResolution, swift::Type, swift::SourceRange, swift::DeclRefTypeRepr*, swift::optionset::OptionSet<swift::NameLookupFlags, unsigned int>) + 6192
9  swift-frontend           0x0000000101e7a1a4 (anonymous namespace)::TypeResolver::resolveDeclRefTypeReprRec(swift::DeclRefTypeRepr*, swift::TypeResolutionOptions) + 2928
10 swift-frontend           0x0000000101e6d928 (anonymous namespace)::TypeResolver::resolveType(swift::TypeRepr*, swift::TypeResolutionOptions) + 300
11 swift-frontend           0x0000000101e6c610 evaluateTypeResolution(swift::TypeResolution const*, swift::TypeRepr*, swift::SILTypeResolutionContext*) + 88
12 swift-frontend           0x0000000101e822a0 swift::ResolveTypeRequest::OutputType swift::Evaluator::getResultUncached<swift::ResolveTypeRequest, swift::ResolveTypeRequest::OutputType swift::evaluateOrDefault<swift::ResolveTypeRequest>(swift::Evaluator&, swift::ResolveTypeRequest, swift::ResolveTypeRequest::OutputType)::'lambda'()>(swift::ResolveTypeRequest const&, swift::ResolveTypeRequest::OutputType swift::evaluateOrDefault<swift::ResolveTypeRequest>(swift::Evaluator&, swift::ResolveTypeRequest, swift::ResolveTypeRequest::OutputType)::'lambda'()) + 212
13 swift-frontend           0x0000000101e6c598 swift::TypeResolution::resolveType(swift::TypeRepr*, swift::SILTypeResolutionContext*) const + 92
14 swift-frontend           0x0000000101d7f410 swift::UnderlyingTypeRequest::evaluate(swift::Evaluator&, swift::TypeAliasDecl*) const + 136
15 swift-frontend           0x0000000102240d38 swift::UnderlyingTypeRequest::OutputType swift::Evaluator::getResultUncached<swift::UnderlyingTypeRequest, swift::UnderlyingTypeRequest::OutputType swift::evaluateOrDefault<swift::UnderlyingTypeRequest>(swift::Evaluator&, swift::UnderlyingTypeRequest, swift::UnderlyingTypeRequest::OutputType)::'lambda'()>(swift::UnderlyingTypeRequest const&, swift::UnderlyingTypeRequest::OutputType swift::evaluateOrDefault<swift::UnderlyingTypeRequest>(swift::Evaluator&, swift::UnderlyingTypeRequest, swift::UnderlyingTypeRequest::OutputType)::'lambda'()) + 240
16 swift-frontend           0x00000001021f27c0 swift::TypeAliasDecl::getUnderlyingType() const + 152
17 swift-frontend           0x0000000101d811d8 swift::InterfaceTypeRequest::evaluate(swift::Evaluator&, swift::ValueDecl*) const + 1908
18 swift-frontend           0x00000001021e2570 swift::ValueDecl::getInterfaceType() const + 328
19 swift-frontend           0x00000001021e63cc swift::TypeDecl::getDeclaredInterfaceType() const + 144
20 swift-frontend           0x0000000101aedb78 resolveTypeWitnessViaLookup(swift::NormalProtocolConformance*, swift::AssociatedTypeDecl*) + 868
21 swift-frontend           0x0000000101aed250 swift::TypeWitnessRequest::evaluate(swift::Evaluator&, swift::NormalProtocolConformance*, swift::AssociatedTypeDecl*) const + 68
22 swift-frontend           0x00000001023af3f8 swift::TypeWitnessRequest::OutputType swift::Evaluator::getResultUncached<swift::TypeWitnessRequest, swift::TypeWitnessRequest::OutputType swift::evaluateOrDefault<swift::TypeWitnessRequest>(swift::Evaluator&, swift::TypeWitnessRequest, swift::TypeWitnessRequest::OutputType)::'lambda'()>(swift::TypeWitnessRequest const&, swift::TypeWitnessRequest::OutputType swift::evaluateOrDefault<swift::TypeWitnessRequest>(swift::Evaluator&, swift::TypeWitnessRequest, swift::TypeWitnessRequest::OutputType)::'lambda'()) + 236
23 swift-frontend           0x00000001023a8214 swift::NormalProtocolConformance::getTypeWitnessAndDecl(swift::AssociatedTypeDecl*, swift::SubstOptions) const + 452
24 swift-frontend           0x00000001023a7e64 swift::ProtocolConformance::getTypeWitnessAndDecl(swift::AssociatedTypeDecl*, swift::SubstOptions) const + 520
25 swift-frontend           0x00000001024646d8 getMemberForBaseType(swift::InFlightSubstitution&, swift::Type, swift::Type, swift::AssociatedTypeDecl*, swift::Identifier, unsigned int) + 780
26 swift-frontend           0x0000000102467f68 std::__1::optional<swift::Type> llvm::function_ref<std::__1::optional<swift::Type> (swift::TypeBase*)>::callback_fn<substType(swift::Type, unsigned int, swift::InFlightSubstitution&)::$_4>(long, swift::TypeBase*) + 416
27 swift-frontend           0x0000000102444590 swift::Type::transformWithPosition(swift::TypePosition, llvm::function_ref<std::__1::optional<swift::Type> (swift::TypeBase*, swift::TypePosition)>) const + 112
28 swift-frontend           0x00000001024469bc swift::Type::transformRec(llvm::function_ref<std::__1::optional<swift::Type> (swift::TypeBase*)>) const + 36
29 swift-frontend           0x00000001024657f4 substType(swift::Type, unsigned int, swift::InFlightSubstitution&) + 348
30 swift-frontend           0x000000010246561c swift::Type::subst(swift::SubstitutionMap, swift::SubstOptions) const + 212
31 swift-frontend           0x00000001023b85a4 swift::ProtocolConformanceRef::getTypeWitnessByName(swift::Type, swift::Identifier) const + 168
32 swift-frontend           0x00000001020d6c74 swift::ASTContext::getBridgedToObjC(swift::DeclContext const*, swift::Type, swift::Type*) const + 484
33 swift-frontend           0x0000000101bb1a2c swift::constraints::ConstraintSystem::simplifyBridgingConstraint(swift::Type, swift::Type, swift::optionset::OptionSet<swift::constraints::ConstraintSystem::TypeMatchFlags, unsigned int>, swift::constraints::ConstraintLocatorBuilder) + 1556
34 swift-frontend           0x0000000101bbd548 swift::constraints::ConstraintSystem::addConstraintImpl(swift::constraints::ConstraintKind, swift::Type, swift::Type, swift::constraints::ConstraintLocatorBuilder, bool) + 324
35 swift-frontend           0x0000000101b97fc0 swift::constraints::ConstraintSystem::addConstraint(swift::constraints::ConstraintKind, swift::Type, swift::Type, swift::constraints::ConstraintLocatorBuilder, bool) + 92
36 swift-frontend           0x0000000101d70c1c swift::TypeChecker::typesSatisfyConstraint(swift::Type, swift::Type, bool, swift::constraints::ConstraintKind, swift::DeclContext*, bool*) + 628
37 swift-frontend           0x0000000101d70f6c swift::TypeChecker::typeCheckCheckedCast(swift::Type, swift::Type, swift::CheckedCastContextKind, swift::DeclContext*) + 300
38 swift-frontend           0x0000000101c0fd28 swift::constraints::ContextualFailure::tryTypeCoercionFixIt(swift::InFlightDiagnostic&) const + 344
39 swift-frontend           0x0000000101c10750 swift::constraints::ArgumentMismatchFailure::diagnoseAsError() + 660
40 swift-frontend           0x0000000101bf7c20 swift::constraints::AllowArgumentMismatch::diagnose(swift::constraints::Solution const&, bool) const + 112
41 swift-frontend           0x0000000101b24f48 swift::constraints::ConstraintSystem::applySolutionFixes(swift::constraints::Solution const&) + 1284
42 swift-frontend           0x0000000101b255d8 swift::constraints::ConstraintSystem::applySolution(swift::constraints::Solution&, swift::constraints::SyntacticElementTarget) + 96
43 swift-frontend           0x0000000101d6f274 swift::TypeChecker::typeCheckTarget(swift::constraints::SyntacticElementTarget&, swift::optionset::OptionSet<swift::TypeCheckExprFlags, unsigned int>) + 396
44 swift-frontend           0x0000000101d6f090 swift::TypeChecker::typeCheckExpression(swift::constraints::SyntacticElementTarget&, swift::optionset::OptionSet<swift::TypeCheckExprFlags, unsigned int>) + 184
45 swift-frontend           0x0000000101d6f50c swift::TypeChecker::typeCheckParameterDefault(swift::Expr*&, swift::DeclContext*, swift::Type, bool, bool) + 272
46 swift-frontend           0x0000000101db61c4 swift::DefaultArgumentExprRequest::evaluate(swift::Evaluator&, swift::ParamDecl*) const + 676
47 swift-frontend           0x0000000102288fb4 swift::DefaultArgumentExprRequest::OutputType swift::Evaluator::getResultUncached<swift::DefaultArgumentExprRequest, swift::DefaultArgumentExprRequest::OutputType swift::evaluateOrDefault<swift::DefaultArgumentExprRequest>(swift::Evaluator&, swift::DefaultArgumentExprRequest, swift::DefaultArgumentExprRequest::OutputType)::'lambda'()>(swift::DefaultArgumentExprRequest const&, swift::DefaultArgumentExprRequest::OutputType swift::evaluateOrDefault<swift::DefaultArgumentExprRequest>(swift::Evaluator&, swift::DefaultArgumentExprRequest, swift::DefaultArgumentExprRequest::OutputType)::'lambda'()) + 228
48 swift-frontend           0x00000001021fdd50 swift::ParamDecl::getTypeCheckedDefaultExpr() const + 300
49 swift-frontend           0x0000000101d536c4 swift::DefaultInitializerIsolation::evaluate(swift::Evaluator&, swift::VarDecl*) const + 388
50 swift-frontend           0x00000001022788fc swift::DefaultInitializerIsolation::OutputType swift::Evaluator::getResultUncached<swift::DefaultInitializerIsolation, swift::DefaultInitializerIsolation::OutputType swift::evaluateOrDefault<swift::DefaultInitializerIsolation>(swift::Evaluator&, swift::DefaultInitializerIsolation, swift::DefaultInitializerIsolation::OutputType)::'lambda'()>(swift::DefaultInitializerIsolation const&, swift::DefaultInitializerIsolation::OutputType swift::evaluateOrDefault<swift::DefaultInitializerIsolation>(swift::Evaluator&, swift::DefaultInitializerIsolation, swift::DefaultInitializerIsolation::OutputType)::'lambda'()) + 236
51 swift-frontend           0x0000000102278714 swift::DefaultInitializerIsolation::OutputType swift::Evaluator::getResultCached<swift::DefaultInitializerIsolation, swift::DefaultInitializerIsolation::OutputType swift::evaluateOrDefault<swift::DefaultInitializerIsolation>(swift::Evaluator&, swift::DefaultInitializerIsolation, swift::DefaultInitializerIsolation::OutputType)::'lambda'(), (void*)0>(swift::DefaultInitializerIsolation const&, swift::DefaultInitializerIsolation::OutputType swift::evaluateOrDefault<swift::DefaultInitializerIsolation>(swift::Evaluator&, swift::DefaultInitializerIsolation, swift::DefaultInitializerIsolation::OutputType)::'lambda'()) + 360
52 swift-frontend           0x00000001021e8c28 swift::VarDecl::getInitializerIsolation() const + 88
53 swift-frontend           0x0000000101d5baf8 (anonymous namespace)::ActorIsolationChecker::checkDefaultArgument(swift::DefaultArgumentExpr*) + 40
54 swift-frontend           0x0000000101d58254 (anonymous namespace)::ActorIsolationChecker::walkToExprPre(swift::Expr*) + 1312
55 swift-frontend           0x0000000102187950 (anonymous namespace)::Traversal::doIt(swift::Expr*) + 44
56 swift-frontend           0x000000010218c450 swift::ArgumentList* llvm::function_ref<swift::ArgumentList* (swift::ArgumentList*)>::callback_fn<(anonymous namespace)::Traversal::doIt(swift::ArgumentList*)::'lambda'(swift::ArgumentList*)>(long, swift::ArgumentList*) + 264
57 swift-frontend           0x000000010218c2e4 swift::ArgumentList* (anonymous namespace)::Traversal::traverse<swift::ArgumentList>(swift::ASTWalker::PreWalkResult<swift::ArgumentList*>, llvm::function_ref<swift::ArgumentList* (swift::ArgumentList*)>, llvm::function_ref<swift::ASTWalker::PostWalkResult<swift::ArgumentList*> (swift::ArgumentList*)>) + 84
58 swift-frontend           0x0000000102189920 (anonymous namespace)::Traversal::visitApplyExpr(swift::ApplyExpr*) + 108
59 swift-frontend           0x0000000102187a00 (anonymous namespace)::Traversal::doIt(swift::Expr*) + 220
60 swift-frontend           0x0000000102187918 swift::Expr::walk(swift::ASTWalker&) + 32
61 swift-frontend           0x0000000101d53848 swift::DefaultInitializerIsolation::evaluate(swift::Evaluator&, swift::VarDecl*) const + 776
62 swift-frontend           0x00000001022788fc swift::DefaultInitializerIsolation::OutputType swift::Evaluator::getResultUncached<swift::DefaultInitializerIsolation, swift::DefaultInitializerIsolation::OutputType swift::evaluateOrDefault<swift::DefaultInitializerIsolation>(swift::Evaluator&, swift::DefaultInitializerIsolation, swift::DefaultInitializerIsolation::OutputType)::'lambda'()>(swift::DefaultInitializerIsolation const&, swift::DefaultInitializerIsolation::OutputType swift::evaluateOrDefault<swift::DefaultInitializerIsolation>(swift::Evaluator&, swift::DefaultInitializerIsolation, swift::DefaultInitializerIsolation::OutputType)::'lambda'()) + 236
63 swift-frontend           0x0000000102278714 swift::DefaultInitializerIsolation::OutputType swift::Evaluator::getResultCached<swift::DefaultInitializerIsolation, swift::DefaultInitializerIsolation::OutputType swift::evaluateOrDefault<swift::DefaultInitializerIsolation>(swift::Evaluator&, swift::DefaultInitializerIsolation, swift::DefaultInitializerIsolation::OutputType)::'lambda'(), (void*)0>(swift::DefaultInitializerIsolation const&, swift::DefaultInitializerIsolation::OutputType swift::evaluateOrDefault<swift::DefaultInitializerIsolation>(swift::Evaluator&, swift::DefaultInitializerIsolation, swift::DefaultInitializerIsolation::OutputType)::'lambda'()) + 360
64 swift-frontend           0x00000001021e8c28 swift::VarDecl::getInitializerIsolation() const + 88
65 swift-frontend           0x0000000101dcc1ec checkDefaultArguments(swift::ParameterList*) + 160
66 swift-frontend           0x0000000101dc2c78 (anonymous namespace)::DeclChecker::visitFuncDecl(swift::FuncDecl*) + 812
67 swift-frontend           0x0000000101db82f4 (anonymous namespace)::DeclChecker::visit(swift::Decl*) + 420
68 swift-frontend           0x0000000101dc4974 (anonymous namespace)::DeclChecker::visitExtensionDecl(swift::ExtensionDecl*) + 5716
69 swift-frontend           0x0000000101db8f50 (anonymous namespace)::DeclChecker::visit(swift::Decl*) + 3584
70 swift-frontend           0x0000000101db813c swift::TypeChecker::typeCheckDecl(swift::Decl*) + 136
71 swift-frontend           0x0000000101e8367c swift::TypeCheckSourceFileRequest::evaluate(swift::Evaluator&, swift::SourceFile*) const + 176
72 swift-frontend           0x0000000101e85224 swift::TypeCheckSourceFileRequest::OutputType swift::Evaluator::getResultUncached<swift::TypeCheckSourceFileRequest, swift::TypeCheckSourceFileRequest::OutputType swift::evaluateOrDefault<swift::TypeCheckSourceFileRequest>(swift::Evaluator&, swift::TypeCheckSourceFileRequest, swift::TypeCheckSourceFileRequest::OutputType)::'lambda'()>(swift::TypeCheckSourceFileRequest const&, swift::TypeCheckSourceFileRequest::OutputType swift::evaluateOrDefault<swift::TypeCheckSourceFileRequest>(swift::Evaluator&, swift::TypeCheckSourceFileRequest, swift::TypeCheckSourceFileRequest::OutputType)::'lambda'()) + 232
73 swift-frontend           0x0000000101e835a4 swift::performTypeChecking(swift::SourceFile&) + 84
74 swift-frontend           0x0000000100d55364 bool llvm::function_ref<bool (swift::SourceFile&)>::callback_fn<swift::CompilerInstance::performSema()::$_7>(long, swift::SourceFile&) + 16
75 swift-frontend           0x0000000100d4edf4 swift::CompilerInstance::forEachFileToTypeCheck(llvm::function_ref<bool (swift::SourceFile&)>) + 156
76 swift-frontend           0x0000000100d4ed38 swift::CompilerInstance::performSema() + 76
77 swift-frontend           0x0000000100d59c84 swift::ExplicitModuleInterfaceBuilder::buildSwiftModuleFromInterface(llvm::StringRef, llvm::StringRef, bool, std::__1::unique_ptr<llvm::MemoryBuffer, std::__1::default_delete<llvm::MemoryBuffer>>*, llvm::ArrayRef<std::__1::basic_string<char, std::__1::char_traits<char>, std::__1::allocator<char>>>, llvm::StringRef) + 1008
78 swift-frontend           0x0000000100d5b80c std::__1::error_code llvm::function_ref<std::__1::error_code (swift::SubCompilerInstanceInfo&)>::callback_fn<swift::ImplicitModuleInterfaceBuilder::buildSwiftModuleInternal(llvm::StringRef, bool, std::__1::unique_ptr<llvm::MemoryBuffer, std::__1::default_delete<llvm::MemoryBuffer>>*, llvm::ArrayRef<std::__1::basic_string<char, std::__1::char_traits<char>, std::__1::allocator<char>>>)::$_3::operator()() const::'lambda'(swift::SubCompilerInstanceInfo&)>(long, swift::SubCompilerInstanceInfo&) + 208
79 swift-frontend           0x0000000100d66820 swift::InterfaceSubContextDelegateImpl::runInSubCompilerInstance(llvm::StringRef, llvm::StringRef, llvm::StringRef, llvm::StringRef, swift::SourceLoc, bool, llvm::function_ref<std::__1::error_code (swift::SubCompilerInstanceInfo&)>) + 2372
80 swift-frontend           0x0000000100d5b5a0 void llvm::function_ref<void ()>::callback_fn<swift::ImplicitModuleInterfaceBuilder::buildSwiftModuleInternal(llvm::StringRef, bool, std::__1::unique_ptr<llvm::MemoryBuffer, std::__1::default_delete<llvm::MemoryBuffer>>*, llvm::ArrayRef<std::__1::basic_string<char, std::__1::char_traits<char>, std::__1::allocator<char>>>)::$_3>(long) + 268
81 swift-frontend           0x0000000105f378cc llvm::CrashRecoveryContext::RunSafely(llvm::function_ref<void ()>) + 164
82 swift-frontend           0x0000000105f379ec RunSafelyOnThread_Dispatch(void*) + 52
83 swift-frontend           0x0000000105f37a14 void* llvm::thread::ThreadProxy<std::__1::tuple<void (*)(void*), (anonymous namespace)::RunSafelyOnThreadInfo*>>(void*) + 24
84 libsystem_pthread.dylib  0x000000018ae6abc8 _pthread_start + 136
85 libsystem_pthread.dylib  0x000000018ae65b80 thread_start + 8
  error: compile command failed due to signal 6 (use -v to see invocation)
/Applications/Xcode.app/Contents/Developer/Platforms/MacOSX.platform/Developer/SDKs/MacOSX26.0.sdk/usr/include/module.modulemap:92:1: note: in file included from /Applications/Xcode.app/Contents/Developer/Platforms/MacOSX.platform/Developer/SDKs/MacOSX26.0.sdk/usr/include/module.modulemap:92:
 90 |
 91 | // Base interfaces below the C standard library.
 92 | extern module os_availability "DarwinFoundation1.modulemap"
    | `- note: in file included from /Applications/Xcode.app/Contents/Developer/Platforms/MacOSX.platform/Developer/SDKs/MacOSX26.0.sdk/usr/include/module.modulemap:92:
 93 | extern module sys_appleapiopts "DarwinFoundation1.modulemap"
 94 | extern module sys_cdefs "DarwinFoundation1.modulemap"

<unknown>:0: error: could not build Objective-C module '_Builtin_float'
/Applications/Xcode.app/Contents/Developer/Platforms/MacOSX.platform/Developer/SDKs/MacOSX26.0.sdk/usr/include/DarwinFoundation1.modulemap:306:8: error: module '_c_standard_library_obsolete' requires feature 'found_incompatible_headers__check_search_paths'
304 | // is here to generate early errors if client search paths are set up
305 | // incorrectly.
306 | module _c_standard_library_obsolete [system] {
    |        `- error: module '_c_standard_library_obsolete' requires feature 'found_incompatible_headers__check_search_paths'
307 |   requires found_incompatible_headers__check_search_paths
308 |

/Library/Developer/Toolchains/swift-6.0.1-RELEASE.xctoolchain/usr/lib/swift/clang/include/float.h:28:17: note: submodule of top-level module '_c_standard_library_obsolete' implicitly imported here
 26 | #endif
 27 |
 28 | #  include_next <float.h>
    |                 `- note: submodule of top-level module '_c_standard_library_obsolete' implicitly imported here
 29 |
 30 | /* Undefine anything that we'll be redefining below. */

/Applications/Xcode.app/Contents/Developer/Platforms/MacOSX.platform/Developer/SDKs/MacOSX26.0.sdk/System/Library/Frameworks/Combine.framework/Modules/Combine.swiftmodule/arm64e-apple-macos.swiftinterface:5:8: error: failed to build module 'Darwin'; this SDK is not supported by the compiler (the SDK is built with 'Apple Swift version 6.2 (swiftlang-6.2.0.16.14 clang-1700.3.16.4)', while this compiler is 'Apple Swift version 6.0.1 (swift-6.0.1-RELEASE)'). Please select a toolchain which matches the SDK.
   3 | // swift-module-flags: -target arm64e-apple-macos26.0 -target-variant arm64e-apple-ios18.0-macabi -enable-objc-interop -enable-library-evolution -swift-version 5 -enforce-exclusivity=checked -O -library-level api -enable-library-evolution -enable-library-evolution -enable-library-evolution -enable-library-evolution -enable-library-evolution -enable-experimental-feature DebugDescriptionMacro -enable-bare-slash-regex -user-module-version 3023 -module-name Combine
   4 | // swift-module-flags-ignorable:  -formal-cxx-interoperability-mode=off -interface-compiler-version 6.2
   5 | import Darwin
     |        `- error: failed to build module 'Darwin'; this SDK is not supported by the compiler (the SDK is built with 'Apple Swift version 6.2 (swiftlang-6.2.0.16.14 clang-1700.3.16.4)', while this compiler is 'Apple Swift version 6.0.1 (swift-6.0.1-RELEASE)'). Please select a toolchain which matches the SDK.
   6 | import Swift
   7 | import _Concurrency

/Applications/Xcode.app/Contents/Developer/Platforms/MacOSX.platform/Developer/SDKs/MacOSX26.0.sdk/usr/include/module.modulemap: 0:
<unknown>:0: error: could not build Objective-C module '_Builtin_float'
/Applications/Xcode.app/Contents/Developer/Platforms/MacOSX.platform/Developer/SDKs/MacOSX26.0.sdk/usr/include/DarwinFoundation1.modulemap: 0:
/Library/Developer/Toolchains/swift-6.0.1-RELEASE.xctoolchain/usr/lib/swift/clang/include/float.h: 0:
/Applications/Xcode.app/Contents/Developer/Platforms/MacOSX.platform/Developer/SDKs/MacOSX26.0.sdk/System/Library/Frameworks/Foundation.framework/Modules/Foundation.swiftmodule/arm64e-apple-macos.swiftinterface:6:8: error: failed to build module 'Combine'; this SDK is not supported by the compiler (the SDK is built with 'Apple Swift version 6.2 effective-5.10 (swiftlang-6.2.0.16.14 clang-1700.3.16.4)', while this compiler is 'Apple Swift version 6.0.1 (swift-6.0.1-RELEASE)'). Please select a toolchain which matches the SDK.
    4 | // swift-module-flags-ignorable:  -formal-cxx-interoperability-mode=off -interface-compiler-version 6.2
    5 | import Builtin
    6 | import Combine
      |        `- error: failed to build module 'Combine'; this SDK is not supported by the compiler (the SDK is built with 'Apple Swift version 6.2 effective-5.10 (swiftlang-6.2.0.16.14 clang-1700.3.16.4)', while this compiler is 'Apple Swift version 6.0.1 (swift-6.0.1-RELEASE)'). Please select a toolchain which matches the SDK.
    7 | import CoreFoundation
    8 | import Darwin

/Applications/Xcode.app/Contents/Developer/Platforms/MacOSX.platform/Developer/SDKs/MacOSX26.0.sdk/System/Library/Frameworks/CoreFoundation.framework/Headers/CoreFoundation.h:23:10: note: while building module '_Builtin_float' imported from /Applications/Xcode.app/Contents/Developer/Platforms/MacOSX.platform/Developer/SDKs/MacOSX26.0.sdk/System/Library/Frameworks/CoreFoundation.framework/Headers/CoreFoundation.h:23:
 21 | #include <ctype.h>
 22 | #include <errno.h>
 23 | #include <float.h>
    |          `- note: while building module '_Builtin_float' imported from /Applications/Xcode.app/Contents/Developer/Platforms/MacOSX.platform/Developer/SDKs/MacOSX26.0.sdk/System/Library/Frameworks/CoreFoundation.framework/Headers/CoreFoundation.h:23:
 24 | #include <limits.h>
 25 | #if !0

/Applications/Xcode.app/Contents/Developer/Platforms/MacOSX.platform/Developer/SDKs/MacOSX26.0.sdk/usr/include/module.modulemap:92:1: note: in file included from /Applications/Xcode.app/Contents/Developer/Platforms/MacOSX.platform/Developer/SDKs/MacOSX26.0.sdk/usr/include/module.modulemap:92:
 90 |
 91 | // Base interfaces below the C standard library.
 92 | extern module os_availability "DarwinFoundation1.modulemap"
    | `- note: in file included from /Applications/Xcode.app/Contents/Developer/Platforms/MacOSX.platform/Developer/SDKs/MacOSX26.0.sdk/usr/include/module.modulemap:92:
 93 | extern module sys_appleapiopts "DarwinFoundation1.modulemap"
 94 | extern module sys_cdefs "DarwinFoundation1.modulemap"

/Applications/Xcode.app/Contents/Developer/Platforms/MacOSX.platform/Developer/SDKs/MacOSX26.0.sdk/usr/include/DarwinFoundation1.modulemap:306:8: error: module '_c_standard_library_obsolete' requires feature 'found_incompatible_headers__check_search_paths'
304 | // is here to generate early errors if client search paths are set up
305 | // incorrectly.
306 | module _c_standard_library_obsolete [system] {
    |        `- error: module '_c_standard_library_obsolete' requires feature 'found_incompatible_headers__check_search_paths'
307 |   requires found_incompatible_headers__check_search_paths
308 |

/Library/Developer/Toolchains/swift-6.0.1-RELEASE.xctoolchain/usr/lib/swift/clang/include/float.h:28:17: note: submodule of top-level module '_c_standard_library_obsolete' implicitly imported here
 26 | #endif
 27 |
 28 | #  include_next <float.h>
    |                 `- note: submodule of top-level module '_c_standard_library_obsolete' implicitly imported here
 29 |
 30 | /* Undefine anything that we'll be redefining below. */

<module-includes>:1:9: note: in file included from <module-includes>:1:
1 | #import "Headers/CoreFoundation.h"
  |         `- note: in file included from <module-includes>:1:
2 | #import "Headers/CFPlugInCOM.h"
3 |

/Applications/Xcode.app/Contents/Developer/Platforms/MacOSX.platform/Developer/SDKs/MacOSX26.0.sdk/System/Library/Frameworks/CoreFoundation.framework/Headers/CoreFoundation.h:23:10: error: could not build module '_Builtin_float'
 21 | #include <ctype.h>
 22 | #include <errno.h>
 23 | #include <float.h>
    |          `- error: could not build module '_Builtin_float'
 24 | #include <limits.h>
 25 | #if !0

/Applications/Xcode.app/Contents/Developer/Platforms/MacOSX.platform/Developer/SDKs/MacOSX26.0.sdk/usr/lib/swift/CoreFoundation.swiftmodule/arm64e-apple-macos.swiftinterface: 0:
/Applications/Xcode.app/Contents/Developer/Platforms/MacOSX.platform/Developer/SDKs/MacOSX26.0.sdk/usr/include/module.modulemap: 0:
<unknown>:0: error: could not build Objective-C module '_Builtin_float'
/Applications/Xcode.app/Contents/Developer/Platforms/MacOSX.platform/Developer/SDKs/MacOSX26.0.sdk/usr/include/DarwinFoundation1.modulemap: 0:
/Library/Developer/Toolchains/swift-6.0.1-RELEASE.xctoolchain/usr/lib/swift/clang/include/float.h: 0:
/Applications/Xcode.app/Contents/Developer/Platforms/MacOSX.platform/Developer/SDKs/MacOSX26.0.sdk/usr/include/module.modulemap: 0:
<unknown>:0: error: could not build Objective-C module '_Builtin_float'
/Applications/Xcode.app/Contents/Developer/Platforms/MacOSX.platform/Developer/SDKs/MacOSX26.0.sdk/usr/include/DarwinFoundation1.modulemap: 0:
/Library/Developer/Toolchains/swift-6.0.1-RELEASE.xctoolchain/usr/lib/swift/clang/include/float.h: 0:
/Applications/Xcode.app/Contents/Developer/Platforms/MacOSX.platform/Developer/SDKs/MacOSX26.0.sdk/usr/include/module.modulemap:92:1: note: in file included from /Applications/Xcode.app/Contents/Developer/Platforms/MacOSX.platform/Developer/SDKs/MacOSX26.0.sdk/usr/include/module.modulemap:92:
 90 |
 91 | // Base interfaces below the C standard library.
 92 | extern module os_availability "DarwinFoundation1.modulemap"
    | `- note: in file included from /Applications/Xcode.app/Contents/Developer/Platforms/MacOSX.platform/Developer/SDKs/MacOSX26.0.sdk/usr/include/module.modulemap:92:
 93 | extern module sys_appleapiopts "DarwinFoundation1.modulemap"
 94 | extern module sys_cdefs "DarwinFoundation1.modulemap"

<unknown>:0: error: could not build Objective-C module '_Builtin_float'
/Applications/Xcode.app/Contents/Developer/Platforms/MacOSX.platform/Developer/SDKs/MacOSX26.0.sdk/usr/include/DarwinFoundation1.modulemap:306:8: error: module '_c_standard_library_obsolete' requires feature 'found_incompatible_headers__check_search_paths'
304 | // is here to generate early errors if client search paths are set up
305 | // incorrectly.
306 | module _c_standard_library_obsolete [system] {
    |        `- error: module '_c_standard_library_obsolete' requires feature 'found_incompatible_headers__check_search_paths'
307 |   requires found_incompatible_headers__check_search_paths
308 |

/Library/Developer/Toolchains/swift-6.0.1-RELEASE.xctoolchain/usr/lib/swift/clang/include/float.h:28:17: note: submodule of top-level module '_c_standard_library_obsolete' implicitly imported here
 26 | #endif
 27 |
 28 | #  include_next <float.h>
    |                 `- note: submodule of top-level module '_c_standard_library_obsolete' implicitly imported here
 29 |
 30 | /* Undefine anything that we'll be redefining below. */

/Applications/Xcode.app/Contents/Developer/Platforms/MacOSX.platform/Developer/SDKs/MacOSX26.0.sdk/System/Library/Frameworks/Combine.framework/Modules/Combine.swiftmodule/arm64e-apple-macos.swiftinterface:5:8: error: failed to build module 'Darwin'; this SDK is not supported by the compiler (the SDK is built with 'Apple Swift version 6.2 (swiftlang-6.2.0.16.14 clang-1700.3.16.4)', while this compiler is 'Apple Swift version 6.0.1 (swift-6.0.1-RELEASE)'). Please select a toolchain which matches the SDK.
   3 | // swift-module-flags: -target arm64e-apple-macos26.0 -target-variant arm64e-apple-ios18.0-macabi -enable-objc-interop -enable-library-evolution -swift-version 5 -enforce-exclusivity=checked -O -library-level api -enable-library-evolution -enable-library-evolution -enable-library-evolution -enable-library-evolution -enable-library-evolution -enable-experimental-feature DebugDescriptionMacro -enable-bare-slash-regex -user-module-version 3023 -module-name Combine
   4 | // swift-module-flags-ignorable:  -formal-cxx-interoperability-mode=off -interface-compiler-version 6.2
   5 | import Darwin
     |        `- error: failed to build module 'Darwin'; this SDK is not supported by the compiler (the SDK is built with 'Apple Swift version 6.2 (swiftlang-6.2.0.16.14 clang-1700.3.16.4)', while this compiler is 'Apple Swift version 6.0.1 (swift-6.0.1-RELEASE)'). Please select a toolchain which matches the SDK.
   6 | import Swift
   7 | import _Concurrency

/Applications/Xcode.app/Contents/Developer/Platforms/MacOSX.platform/Developer/SDKs/MacOSX26.0.sdk/usr/include/module.modulemap: 0:
<unknown>:0: error: could not build Objective-C module '_Builtin_float'
/Applications/Xcode.app/Contents/Developer/Platforms/MacOSX.platform/Developer/SDKs/MacOSX26.0.sdk/usr/include/DarwinFoundation1.modulemap: 0:
/Library/Developer/Toolchains/swift-6.0.1-RELEASE.xctoolchain/usr/lib/swift/clang/include/float.h: 0:
/Applications/Xcode.app/Contents/Developer/Platforms/MacOSX.platform/Developer/SDKs/MacOSX26.0.sdk/usr/lib/swift/Dispatch.swiftmodule/arm64e-apple-macos.swiftinterface: 0:
/Applications/Xcode.app/Contents/Developer/Platforms/MacOSX.platform/Developer/SDKs/MacOSX26.0.sdk/usr/include/module.modulemap: 0:
<unknown>:0: error: could not build Objective-C module '_Builtin_float'
/Applications/Xcode.app/Contents/Developer/Platforms/MacOSX.platform/Developer/SDKs/MacOSX26.0.sdk/usr/include/DarwinFoundation1.modulemap: 0:
/Library/Developer/Toolchains/swift-6.0.1-RELEASE.xctoolchain/usr/lib/swift/clang/include/float.h: 0:
/Applications/Xcode.app/Contents/Developer/Platforms/MacOSX.platform/Developer/SDKs/MacOSX26.0.sdk/usr/include/module.modulemap: 0:
<unknown>:0: error: could not build Objective-C module '_Builtin_float'
/Applications/Xcode.app/Contents/Developer/Platforms/MacOSX.platform/Developer/SDKs/MacOSX26.0.sdk/usr/include/DarwinFoundation1.modulemap: 0:
/Library/Developer/Toolchains/swift-6.0.1-RELEASE.xctoolchain/usr/lib/swift/clang/include/float.h: 0:
/Applications/Xcode.app/Contents/Developer/Platforms/MacOSX.platform/Developer/SDKs/MacOSX26.0.sdk/usr/include/module.modulemap: 0:
<unknown>:0: error: could not build Objective-C module '_Builtin_float'
/Applications/Xcode.app/Contents/Developer/Platforms/MacOSX.platform/Developer/SDKs/MacOSX26.0.sdk/usr/include/DarwinFoundation1.modulemap: 0:
/Library/Developer/Toolchains/swift-6.0.1-RELEASE.xctoolchain/usr/lib/swift/clang/include/float.h: 0:
/Applications/Xcode.app/Contents/Developer/Platforms/MacOSX.platform/Developer/SDKs/MacOSX26.0.sdk/usr/lib/swift/Darwin.swiftmodule/arm64e-apple-macos.swiftinterface: 0:
<unknown>:0: error: could not build Objective-C module '_Builtin_float'
/Applications/Xcode.app/Contents/Developer/Platforms/MacOSX.platform/Developer/SDKs/MacOSX26.0.sdk/usr/include/DarwinFoundation1.modulemap: 0:
/Library/Developer/Toolchains/swift-6.0.1-RELEASE.xctoolchain/usr/lib/swift/clang/include/float.h: 0:
/Applications/Xcode.app/Contents/Developer/Platforms/MacOSX.platform/Developer/SDKs/MacOSX26.0.sdk/usr/include/module.modulemap: 0:
<unknown>:0: error: could not build Objective-C module '_Builtin_float'
/Applications/Xcode.app/Contents/Developer/Platforms/MacOSX.platform/Developer/SDKs/MacOSX26.0.sdk/usr/include/DarwinFoundation1.modulemap: 0:
/Library/Developer/Toolchains/swift-6.0.1-RELEASE.xctoolchain/usr/lib/swift/clang/include/float.h: 0:
/Applications/Xcode.app/Contents/Developer/Platforms/MacOSX.platform/Developer/SDKs/MacOSX26.0.sdk/usr/lib/swift/Darwin.swiftmodule/arm64e-apple-macos.swiftinterface: 0:
<unknown>:0: error: could not build Objective-C module '_Builtin_float'
/Applications/Xcode.app/Contents/Developer/Platforms/MacOSX.platform/Developer/SDKs/MacOSX26.0.sdk/usr/include/DarwinFoundation1.modulemap: 0:
/Library/Developer/Toolchains/swift-6.0.1-RELEASE.xctoolchain/usr/lib/swift/clang/include/float.h: 0:
/Applications/Xcode.app/Contents/Developer/Platforms/MacOSX.platform/Developer/SDKs/MacOSX26.0.sdk/usr/include/module.modulemap: 0:
<unknown>:0: error: could not build Objective-C module '_Builtin_float'
/Applications/Xcode.app/Contents/Developer/Platforms/MacOSX.platform/Developer/SDKs/MacOSX26.0.sdk/usr/include/DarwinFoundation1.modulemap: 0:
/Library/Developer/Toolchains/swift-6.0.1-RELEASE.xctoolchain/usr/lib/swift/clang/include/float.h: 0:
/Applications/Xcode.app/Contents/Developer/Platforms/MacOSX.platform/Developer/SDKs/MacOSX26.0.sdk/System/Library/Frameworks/Combine.framework/Modules/Combine.swiftmodule/arm64e-apple-macos.swiftinterface:5:8: error: failed to build module 'Darwin'; this SDK is not supported by the compiler (the SDK is built with 'Apple Swift version 6.2 (swiftlang-6.2.0.16.14 clang-1700.3.16.4)', while this compiler is 'Apple Swift version 6.0.1 (swift-6.0.1-RELEASE)'). Please select a toolchain which matches the SDK.
   3 | // swift-module-flags: -target arm64e-apple-macos26.0 -target-variant arm64e-apple-ios18.0-macabi -enable-objc-interop -enable-library-evolution -swift-version 5 -enforce-exclusivity=checked -O -library-level api -enable-library-evolution -enable-library-evolution -enable-library-evolution -enable-library-evolution -enable-library-evolution -enable-experimental-feature DebugDescriptionMacro -enable-bare-slash-regex -user-module-version 3023 -module-name Combine
   4 | // swift-module-flags-ignorable:  -formal-cxx-interoperability-mode=off -interface-compiler-version 6.2
   5 | import Darwin
     |        `- error: failed to build module 'Darwin'; this SDK is not supported by the compiler (the SDK is built with 'Apple Swift version 6.2 (swiftlang-6.2.0.16.14 clang-1700.3.16.4)', while this compiler is 'Apple Swift version 6.0.1 (swift-6.0.1-RELEASE)'). Please select a toolchain which matches the SDK.
   6 | import Swift
   7 | import _Concurrency

/Applications/Xcode.app/Contents/Developer/Platforms/MacOSX.platform/Developer/SDKs/MacOSX26.0.sdk/usr/include/module.modulemap: 0:
<unknown>:0: error: could not build Objective-C module '_Builtin_float'
/Applications/Xcode.app/Contents/Developer/Platforms/MacOSX.platform/Developer/SDKs/MacOSX26.0.sdk/usr/include/DarwinFoundation1.modulemap: 0:
/Library/Developer/Toolchains/swift-6.0.1-RELEASE.xctoolchain/usr/lib/swift/clang/include/float.h: 0:
/Applications/Xcode.app/Contents/Developer/Platforms/MacOSX.platform/Developer/SDKs/MacOSX26.0.sdk/usr/lib/swift/Dispatch.swiftmodule/arm64e-apple-macos.swiftinterface: 0:
/Applications/Xcode.app/Contents/Developer/Platforms/MacOSX.platform/Developer/SDKs/MacOSX26.0.sdk/usr/include/module.modulemap: 0:
<unknown>:0: error: could not build Objective-C module '_Builtin_float'
/Applications/Xcode.app/Contents/Developer/Platforms/MacOSX.platform/Developer/SDKs/MacOSX26.0.sdk/usr/include/DarwinFoundation1.modulemap: 0:
/Library/Developer/Toolchains/swift-6.0.1-RELEASE.xctoolchain/usr/lib/swift/clang/include/float.h: 0:
/Applications/Xcode.app/Contents/Developer/Platforms/MacOSX.platform/Developer/SDKs/MacOSX26.0.sdk/usr/include/module.modulemap: 0:
<unknown>:0: error: could not build Objective-C module '_Builtin_float'
/Applications/Xcode.app/Contents/Developer/Platforms/MacOSX.platform/Developer/SDKs/MacOSX26.0.sdk/usr/include/DarwinFoundation1.modulemap: 0:
/Library/Developer/Toolchains/swift-6.0.1-RELEASE.xctoolchain/usr/lib/swift/clang/include/float.h: 0:
/Applications/Xcode.app/Contents/Developer/Platforms/MacOSX.platform/Developer/SDKs/MacOSX26.0.sdk/usr/include/module.modulemap: 0:
<unknown>:0: error: could not build Objective-C module '_Builtin_float'
/Applications/Xcode.app/Contents/Developer/Platforms/MacOSX.platform/Developer/SDKs/MacOSX26.0.sdk/usr/include/DarwinFoundation1.modulemap: 0:
/Library/Developer/Toolchains/swift-6.0.1-RELEASE.xctoolchain/usr/lib/swift/clang/include/float.h: 0:
/Applications/Xcode.app/Contents/Developer/Platforms/MacOSX.platform/Developer/SDKs/MacOSX26.0.sdk/usr/lib/swift/Darwin.swiftmodule/arm64e-apple-macos.swiftinterface: 0:
<unknown>:0: error: could not build Objective-C module '_Builtin_float'
/Applications/Xcode.app/Contents/Developer/Platforms/MacOSX.platform/Developer/SDKs/MacOSX26.0.sdk/usr/include/DarwinFoundation1.modulemap: 0:
/Library/Developer/Toolchains/swift-6.0.1-RELEASE.xctoolchain/usr/lib/swift/clang/include/float.h: 0:
/Applications/Xcode.app/Contents/Developer/Platforms/MacOSX.platform/Developer/SDKs/MacOSX26.0.sdk/usr/include/module.modulemap: 0:
<unknown>:0: error: could not build Objective-C module '_Builtin_float'
/Applications/Xcode.app/Contents/Developer/Platforms/MacOSX.platform/Developer/SDKs/MacOSX26.0.sdk/usr/include/DarwinFoundation1.modulemap: 0:
/Library/Developer/Toolchains/swift-6.0.1-RELEASE.xctoolchain/usr/lib/swift/clang/include/float.h: 0:
/Applications/Xcode.app/Contents/Developer/Platforms/MacOSX.platform/Developer/SDKs/MacOSX26.0.sdk/usr/lib/swift/Darwin.swiftmodule/arm64e-apple-macos.swiftinterface: 0:
<unknown>:0: error: could not build Objective-C module '_Builtin_float'
/Applications/Xcode.app/Contents/Developer/Platforms/MacOSX.platform/Developer/SDKs/MacOSX26.0.sdk/usr/include/DarwinFoundation1.modulemap: 0:
/Library/Developer/Toolchains/swift-6.0.1-RELEASE.xctoolchain/usr/lib/swift/clang/include/float.h:125:18: note: in file included from /Applications/Xcode.app/Contents/Developer/Platforms/MacOSX.platform/Developer/SDKs/MacOSX26.0.sdk/usr/include/module.modulemap:92:
123 | #define FLT_MAX __FLT_MAX__
124 | #define DBL_MAX __DBL_MAX__
125 | #define LDBL_MAX __LDBL_MAX__
    |                  `- note: in file included from /Applications/Xcode.app/Contents/Developer/Platforms/MacOSX.platform/Developer/SDKs/MacOSX26.0.sdk/usr/include/module.modulemap:92:
126 |
127 | #define FLT_EPSILON __FLT_EPSILON__

/Applications/Xcode.app/Contents/Developer/Platforms/MacOSX.platform/Developer/SDKs/MacOSX26.0.sdk/usr/include/module.modulemap: 0:
<unknown>:0: error: could not build Objective-C module '_Builtin_float'
/Applications/Xcode.app/Contents/Developer/Platforms/MacOSX.platform/Developer/SDKs/MacOSX26.0.sdk/usr/include/DarwinFoundation1.modulemap: 0:
/Library/Developer/Toolchains/swift-6.0.1-RELEASE.xctoolchain/usr/lib/swift/clang/include/float.h: 0:
/Applications/Xcode.app/Contents/Developer/Platforms/MacOSX.platform/Developer/SDKs/MacOSX26.0.sdk/usr/lib/swift/Darwin.swiftmodule/arm64e-apple-macos.swiftinterface: 0:
<unknown>:0: error: could not build Objective-C module '_Builtin_float'
/Applications/Xcode.app/Contents/Developer/Platforms/MacOSX.platform/Developer/SDKs/MacOSX26.0.sdk/usr/include/DarwinFoundation1.modulemap: 0:
/Library/Developer/Toolchains/swift-6.0.1-RELEASE.xctoolchain/usr/lib/swift/clang/include/float.h: 0:
/Applications/Xcode.app/Contents/Developer/Platforms/MacOSX.platform/Developer/SDKs/MacOSX26.0.sdk/usr/include/module.modulemap: 0:
<unknown>:0: error: could not build Objective-C module '_Builtin_float'
/Applications/Xcode.app/Contents/Developer/Platforms/MacOSX.platform/Developer/SDKs/MacOSX26.0.sdk/usr/include/DarwinFoundation1.modulemap: 0:
/Library/Developer/Toolchains/swift-6.0.1-RELEASE.xctoolchain/usr/lib/swift/clang/include/float.h: 0:
/Applications/Xcode.app/Contents/Developer/Platforms/MacOSX.platform/Developer/SDKs/MacOSX26.0.sdk/usr/lib/swift/Darwin.swiftmodule/arm64e-apple-macos.swiftinterface: 0:
<unknown>:0: error: could not build Objective-C module '_Builtin_float'
/Applications/Xcode.app/Contents/Developer/Platforms/MacOSX.platform/Developer/SDKs/MacOSX26.0.sdk/usr/include/DarwinFoundation1.modulemap: 0:
/Library/Developer/Toolchains/swift-6.0.1-RELEASE.xctoolchain/usr/lib/swift/clang/include/float.h: 0:
/Applications/Xcode.app/Contents/Developer/Platforms/MacOSX.platform/Developer/SDKs/MacOSX26.0.sdk/usr/include/module.modulemap: 0:
<unknown>:0: error: could not build Objective-C module '_Builtin_float'
/Applications/Xcode.app/Contents/Developer/Platforms/MacOSX.platform/Developer/SDKs/MacOSX26.0.sdk/usr/include/DarwinFoundation1.modulemap: 0:
/Library/Developer/Toolchains/swift-6.0.1-RELEASE.xctoolchain/usr/lib/swift/clang/include/float.h: 0:
/Applications/Xcode.app/Contents/Developer/Platforms/MacOSX.platform/Developer/SDKs/MacOSX26.0.sdk/usr/lib/swift/System.swiftmodule/arm64e-apple-macos.swiftinterface: 0:
/Applications/Xcode.app/Contents/Developer/Platforms/MacOSX.platform/Developer/SDKs/MacOSX26.0.sdk/usr/include/module.modulemap: 0:
<unknown>:0: error: could not build Objective-C module '_Builtin_float'
Assertion failed: (!ActiveDiagnostic && "Already have an active diagnostic"), function diagnose, file DiagnosticEngine.h, line 1210.
Please submit a bug report (https://swift.org/contributing/#reporting-bugs) and include the crash backtrace.
Stack dump:
0.      Program arguments: /Library/Developer/Toolchains/swift-6.0.1-RELEASE.xctoolchain/usr/bin/swift-frontend -frontend -c -primary-file /Users/lorenzoferrante/Library/Developer/Xcode/DerivedData/Nexus-auhzzmxyklfadaefkuhiugmopjnn/SourcePackages/checkouts/swift-markdown-ui/Package.swift -target arm64-apple-macos14.0 -Xllvm -aarch64-use-tbi -enable-objc-interop -sdk /Applications/Xcode.app/Contents/Developer/Platforms/MacOSX.platform/Developer/SDKs/MacOSX26.0.sdk -I /Library/Developer/Toolchains/swift-6.0.1-RELEASE.xctoolchain/usr/lib/swift/macosx/testing -I /Applications/Xcode.app/Contents/SharedFrameworks/SwiftPM.framework/SharedSupport/ManifestAPI -vfsoverlay /var/folders/nt/42xdb6195bddcyy1nbtzc3z80000gn/T/TemporaryDirectory.zFXX4i/vfs.yaml -swift-version 5 -package-description-version 5.6.0 -serialize-diagnostics-path /Users/lorenzoferrante/Library/Caches/org.swift.swiftpm/manifests/ManifestLoading/swift-markdown-ui.dia -empty-abi-descriptor -plugin-path /Library/Developer/Toolchains/swift-6.0.1-RELEASE.xctoolchain/usr/lib/swift/host/plugins/testing -resource-dir /Library/Developer/Toolchains/swift-6.0.1-RELEASE.xctoolchain/usr/lib/swift -module-name main -plugin-path /Library/Developer/Toolchains/swift-6.0.1-RELEASE.xctoolchain/usr/lib/swift/host/plugins -plugin-path /Library/Developer/Toolchains/swift-6.0.1-RELEASE.xctoolchain/usr/local/lib/swift/host/plugins -target-sdk-version 26.0 -target-sdk-name macosx26.0 -external-plugin-path /Applications/Xcode.app/Contents/Developer/Platforms/MacOSX.platform/Developer/usr/lib/swift/host/plugins#/Applications/Xcode.app/Contents/Developer/Platforms/MacOSX.platform/Developer/usr/bin/swift-plugin-server -external-plugin-path /Applications/Xcode.app/Contents/Developer/Platforms/MacOSX.platform/Developer/usr/local/lib/swift/host/plugins#/Applications/Xcode.app/Contents/Developer/Platforms/MacOSX.platform/Developer/usr/bin/swift-plugin-server -o /var/folders/nt/42xdb6195bddcyy1nbtzc3z80000gn/T/TemporaryDirectory.A5uJg1/Package-1.o
1.      Apple Swift version 6.0.1 (swift-6.0.1-RELEASE)
2.      Compiling with effective version 5.10
3.      While evaluating request TypeCheckSourceFileRequest(source_file "/Applications/Xcode.app/Contents/Developer/Platforms/MacOSX.platform/Developer/SDKs/MacOSX26.0.sdk/System/Library/Frameworks/Foundation.framework/Modules/Foundation.swiftmodule/arm64e-apple-macos.swiftinterface")
4.      While type-checking extension of Date (at /Applications/Xcode.app/Contents/Developer/Platforms/MacOSX.platform/Developer/SDKs/MacOSX26.0.sdk/System/Library/Frameworks/Foundation.framework/Modules/Foundation.swiftmodule/arm64e-apple-macos.swiftinterface:11568:1)
5.      While type-checking 'ISO8601Format(_:)' (at /Applications/Xcode.app/Contents/Developer/Platforms/MacOSX.platform/Developer/SDKs/MacOSX26.0.sdk/System/Library/Frameworks/Foundation.framework/Modules/Foundation.swiftmodule/arm64e-apple-macos.swiftinterface:11569:10)
6.      While evaluating request DefaultInitializerIsolation(Foundation.(file).Date extension.ISO8601Format(_:).style@/Applications/Xcode.app/Contents/Developer/Platforms/MacOSX.platform/Developer/SDKs/MacOSX26.0.sdk/System/Library/Frameworks/Foundation.framework/Modules/Foundation.swiftmodule/arm64e-apple-macos.swiftinterface:11569:31)
7.      While evaluating request DefaultInitializerIsolation(Foundation.(file).Date extension.ISO8601FormatStyle.init(dateSeparator:dateTimeSeparator:timeSeparator:timeZoneSeparator:includingFractionalSeconds:timeZone:).timeZone@/Applications/Xcode.app/Contents/Developer/Platforms/MacOSX.platform/Developer/SDKs/MacOSX26.0.sdk/System/Library/Frameworks/Foundation.framework/Modules/Foundation.swiftmodule/arm64e-apple-macos.swiftinterface:11646:381)
8.      While evaluating request DefaultArgumentExprRequest(Foundation.(file).Date extension.ISO8601FormatStyle.init(dateSeparator:dateTimeSeparator:timeSeparator:timeZoneSeparator:includingFractionalSeconds:timeZone:).timeZone@/Applications/Xcode.app/Contents/Developer/Platforms/MacOSX.platform/Developer/SDKs/MacOSX26.0.sdk/System/Library/Frameworks/Foundation.framework/Modules/Foundation.swiftmodule/arm64e-apple-macos.swiftinterface:11646:381)
9.      While type-checking expression at [/Applications/Xcode.app/Contents/Developer/Platforms/MacOSX.platform/Developer/SDKs/MacOSX26.0.sdk/System/Library/Frameworks/Foundation.framework/Modules/Foundation.swiftmodule/arm64e-apple-macos.swiftinterface:11646:413 - line:11646:440] RangeText="TimeZone(secondsFromGMT: 0)"
10.     While type-checking-target starting at /Applications/Xcode.app/Contents/Developer/Platforms/MacOSX.platform/Developer/SDKs/MacOSX26.0.sdk/System/Library/Frameworks/Foundation.framework/Modules/Foundation.swiftmodule/arm64e-apple-macos.swiftinterface:11646:440
11.     While evaluating request TypeWitnessRequest(Int: _ObjectiveCBridgeable module Foundation, Swift.(file)._ObjectiveCBridgeable._ObjectiveCType)
12.     While evaluating request InterfaceTypeRequest(Foundation.(file).Int extension._ObjectiveCType@/Applications/Xcode.app/Contents/Developer/Platforms/MacOSX.platform/Developer/SDKs/MacOSX26.0.sdk/System/Library/Frameworks/Foundation.framework/Modules/Foundation.swiftmodule/arm64e-apple-macos.swiftinterface:23725:20)
13.     While evaluating request UnderlyingTypeRequest(Foundation.(file).Int extension._ObjectiveCType@/Applications/Xcode.app/Contents/Developer/Platforms/MacOSX.platform/Developer/SDKs/MacOSX26.0.sdk/System/Library/Frameworks/Foundation.framework/Modules/Foundation.swiftmodule/arm64e-apple-macos.swiftinterface:23725:20)
14.     While evaluating request ResolveTypeRequest(while resolving type , Foundation.NSNumber)
Stack dump without symbol names (ensure you have llvm-symbolizer in your PATH or set the environment var `LLVM_SYMBOLIZER_PATH` to point to it):
0  swift-frontend           0x0000000109d39b78 llvm::sys::PrintStackTrace(llvm::raw_ostream&, int) + 56
1  swift-frontend           0x0000000109d38344 llvm::sys::RunSignalHandlers() + 112
2  swift-frontend           0x0000000109d3a1c0 SignalHandler(int) + 304
3  libsystem_platform.dylib 0x000000018ae74704 _sigtramp + 56
4  libsystem_pthread.dylib  0x000000018ae6a848 pthread_kill + 296
5  libsystem_c.dylib        0x000000018ad70808 abort + 124
6  libsystem_c.dylib        0x000000018ad6fa3c err + 0
7  swift-frontend           0x000000010a1bb8c0 diagnoseUnknownType(swift::TypeResolution, swift::Type, swift::SourceRange, swift::DeclRefTypeRepr*, swift::optionset::OptionSet<swift::NameLookupFlags, unsigned int>) (.cold.30) + 0
8  swift-frontend           0x0000000105bf4720 diagnoseUnknownType(swift::TypeResolution, swift::Type, swift::SourceRange, swift::DeclRefTypeRepr*, swift::optionset::OptionSet<swift::NameLookupFlags, unsigned int>) + 6192
9  swift-frontend           0x0000000105bf21a4 (anonymous namespace)::TypeResolver::resolveDeclRefTypeReprRec(swift::DeclRefTypeRepr*, swift::TypeResolutionOptions) + 2928
10 swift-frontend           0x0000000105be5928 (anonymous namespace)::TypeResolver::resolveType(swift::TypeRepr*, swift::TypeResolutionOptions) + 300
11 swift-frontend           0x0000000105be4610 evaluateTypeResolution(swift::TypeResolution const*, swift::TypeRepr*, swift::SILTypeResolutionContext*) + 88
12 swift-frontend           0x0000000105bfa2a0 swift::ResolveTypeRequest::OutputType swift::Evaluator::getResultUncached<swift::ResolveTypeRequest, swift::ResolveTypeRequest::OutputType swift::evaluateOrDefault<swift::ResolveTypeRequest>(swift::Evaluator&, swift::ResolveTypeRequest, swift::ResolveTypeRequest::OutputType)::'lambda'()>(swift::ResolveTypeRequest const&, swift::ResolveTypeRequest::OutputType swift::evaluateOrDefault<swift::ResolveTypeRequest>(swift::Evaluator&, swift::ResolveTypeRequest, swift::ResolveTypeRequest::OutputType)::'lambda'()) + 212
13 swift-frontend           0x0000000105be4598 swift::TypeResolution::resolveType(swift::TypeRepr*, swift::SILTypeResolutionContext*) const + 92
14 swift-frontend           0x0000000105af7410 swift::UnderlyingTypeRequest::evaluate(swift::Evaluator&, swift::TypeAliasDecl*) const + 136
15 swift-frontend           0x0000000105fb8d38 swift::UnderlyingTypeRequest::OutputType swift::Evaluator::getResultUncached<swift::UnderlyingTypeRequest, swift::UnderlyingTypeRequest::OutputType swift::evaluateOrDefault<swift::UnderlyingTypeRequest>(swift::Evaluator&, swift::UnderlyingTypeRequest, swift::UnderlyingTypeRequest::OutputType)::'lambda'()>(swift::UnderlyingTypeRequest const&, swift::UnderlyingTypeRequest::OutputType swift::evaluateOrDefault<swift::UnderlyingTypeRequest>(swift::Evaluator&, swift::UnderlyingTypeRequest, swift::UnderlyingTypeRequest::OutputType)::'lambda'()) + 240
16 swift-frontend           0x0000000105f6a7c0 swift::TypeAliasDecl::getUnderlyingType() const + 152
17 swift-frontend           0x0000000105af91d8 swift::InterfaceTypeRequest::evaluate(swift::Evaluator&, swift::ValueDecl*) const + 1908
18 swift-frontend           0x0000000105f5a570 swift::ValueDecl::getInterfaceType() const + 328
19 swift-frontend           0x0000000105f5e3cc swift::TypeDecl::getDeclaredInterfaceType() const + 144
20 swift-frontend           0x0000000105865b78 resolveTypeWitnessViaLookup(swift::NormalProtocolConformance*, swift::AssociatedTypeDecl*) + 868
21 swift-frontend           0x0000000105865250 swift::TypeWitnessRequest::evaluate(swift::Evaluator&, swift::NormalProtocolConformance*, swift::AssociatedTypeDecl*) const + 68
22 swift-frontend           0x00000001061273f8 swift::TypeWitnessRequest::OutputType swift::Evaluator::getResultUncached<swift::TypeWitnessRequest, swift::TypeWitnessRequest::OutputType swift::evaluateOrDefault<swift::TypeWitnessRequest>(swift::Evaluator&, swift::TypeWitnessRequest, swift::TypeWitnessRequest::OutputType)::'lambda'()>(swift::TypeWitnessRequest const&, swift::TypeWitnessRequest::OutputType swift::evaluateOrDefault<swift::TypeWitnessRequest>(swift::Evaluator&, swift::TypeWitnessRequest, swift::TypeWitnessRequest::OutputType)::'lambda'()) + 236
23 swift-frontend           0x0000000106120214 swift::NormalProtocolConformance::getTypeWitnessAndDecl(swift::AssociatedTypeDecl*, swift::SubstOptions) const + 452
24 swift-frontend           0x000000010611fe64 swift::ProtocolConformance::getTypeWitnessAndDecl(swift::AssociatedTypeDecl*, swift::SubstOptions) const + 520
25 swift-frontend           0x00000001061dc6d8 getMemberForBaseType(swift::InFlightSubstitution&, swift::Type, swift::Type, swift::AssociatedTypeDecl*, swift::Identifier, unsigned int) + 780
26 swift-frontend           0x00000001061dff68 std::__1::optional<swift::Type> llvm::function_ref<std::__1::optional<swift::Type> (swift::TypeBase*)>::callback_fn<substType(swift::Type, unsigned int, swift::InFlightSubstitution&)::$_4>(long, swift::TypeBase*) + 416
27 swift-frontend           0x00000001061bc590 swift::Type::transformWithPosition(swift::TypePosition, llvm::function_ref<std::__1::optional<swift::Type> (swift::TypeBase*, swift::TypePosition)>) const + 112
28 swift-frontend           0x00000001061be9bc swift::Type::transformRec(llvm::function_ref<std::__1::optional<swift::Type> (swift::TypeBase*)>) const + 36
29 swift-frontend           0x00000001061dd7f4 substType(swift::Type, unsigned int, swift::InFlightSubstitution&) + 348
30 swift-frontend           0x00000001061dd61c swift::Type::subst(swift::SubstitutionMap, swift::SubstOptions) const + 212
31 swift-frontend           0x00000001061305a4 swift::ProtocolConformanceRef::getTypeWitnessByName(swift::Type, swift::Identifier) const + 168
32 swift-frontend           0x0000000105e4ec74 swift::ASTContext::getBridgedToObjC(swift::DeclContext const*, swift::Type, swift::Type*) const + 484
33 swift-frontend           0x0000000105929a2c swift::constraints::ConstraintSystem::simplifyBridgingConstraint(swift::Type, swift::Type, swift::optionset::OptionSet<swift::constraints::ConstraintSystem::TypeMatchFlags, unsigned int>, swift::constraints::ConstraintLocatorBuilder) + 1556
34 swift-frontend           0x0000000105935548 swift::constraints::ConstraintSystem::addConstraintImpl(swift::constraints::ConstraintKind, swift::Type, swift::Type, swift::constraints::ConstraintLocatorBuilder, bool) + 324
35 swift-frontend           0x000000010590ffc0 swift::constraints::ConstraintSystem::addConstraint(swift::constraints::ConstraintKind, swift::Type, swift::Type, swift::constraints::ConstraintLocatorBuilder, bool) + 92
36 swift-frontend           0x0000000105ae8c1c swift::TypeChecker::typesSatisfyConstraint(swift::Type, swift::Type, bool, swift::constraints::ConstraintKind, swift::DeclContext*, bool*) + 628
37 swift-frontend           0x0000000105ae8f6c swift::TypeChecker::typeCheckCheckedCast(swift::Type, swift::Type, swift::CheckedCastContextKind, swift::DeclContext*) + 300
38 swift-frontend           0x0000000105987d28 swift::constraints::ContextualFailure::tryTypeCoercionFixIt(swift::InFlightDiagnostic&) const + 344
39 swift-frontend           0x0000000105988750 swift::constraints::ArgumentMismatchFailure::diagnoseAsError() + 660
40 swift-frontend           0x000000010596fc20 swift::constraints::AllowArgumentMismatch::diagnose(swift::constraints::Solution const&, bool) const + 112
41 swift-frontend           0x000000010589cf48 swift::constraints::ConstraintSystem::applySolutionFixes(swift::constraints::Solution const&) + 1284
42 swift-frontend           0x000000010589d5d8 swift::constraints::ConstraintSystem::applySolution(swift::constraints::Solution&, swift::constraints::SyntacticElementTarget) + 96
43 swift-frontend           0x0000000105ae7274 swift::TypeChecker::typeCheckTarget(swift::constraints::SyntacticElementTarget&, swift::optionset::OptionSet<swift::TypeCheckExprFlags, unsigned int>) + 396
44 swift-frontend           0x0000000105ae7090 swift::TypeChecker::typeCheckExpression(swift::constraints::SyntacticElementTarget&, swift::optionset::OptionSet<swift::TypeCheckExprFlags, unsigned int>) + 184
45 swift-frontend           0x0000000105ae750c swift::TypeChecker::typeCheckParameterDefault(swift::Expr*&, swift::DeclContext*, swift::Type, bool, bool) + 272
46 swift-frontend           0x0000000105b2e1c4 swift::DefaultArgumentExprRequest::evaluate(swift::Evaluator&, swift::ParamDecl*) const + 676
47 swift-frontend           0x0000000106000fb4 swift::DefaultArgumentExprRequest::OutputType swift::Evaluator::getResultUncached<swift::DefaultArgumentExprRequest, swift::DefaultArgumentExprRequest::OutputType swift::evaluateOrDefault<swift::DefaultArgumentExprRequest>(swift::Evaluator&, swift::DefaultArgumentExprRequest, swift::DefaultArgumentExprRequest::OutputType)::'lambda'()>(swift::DefaultArgumentExprRequest const&, swift::DefaultArgumentExprRequest::OutputType swift::evaluateOrDefault<swift::DefaultArgumentExprRequest>(swift::Evaluator&, swift::DefaultArgumentExprRequest, swift::DefaultArgumentExprRequest::OutputType)::'lambda'()) + 228
48 swift-frontend           0x0000000105f75d50 swift::ParamDecl::getTypeCheckedDefaultExpr() const + 300
49 swift-frontend           0x0000000105acb6c4 swift::DefaultInitializerIsolation::evaluate(swift::Evaluator&, swift::VarDecl*) const + 388
50 swift-frontend           0x0000000105ff08fc swift::DefaultInitializerIsolation::OutputType swift::Evaluator::getResultUncached<swift::DefaultInitializerIsolation, swift::DefaultInitializerIsolation::OutputType swift::evaluateOrDefault<swift::DefaultInitializerIsolation>(swift::Evaluator&, swift::DefaultInitializerIsolation, swift::DefaultInitializerIsolation::OutputType)::'lambda'()>(swift::DefaultInitializerIsolation const&, swift::DefaultInitializerIsolation::OutputType swift::evaluateOrDefault<swift::DefaultInitializerIsolation>(swift::Evaluator&, swift::DefaultInitializerIsolation, swift::DefaultInitializerIsolation::OutputType)::'lambda'()) + 236
51 swift-frontend           0x0000000105ff0714 swift::DefaultInitializerIsolation::OutputType swift::Evaluator::getResultCached<swift::DefaultInitializerIsolation, swift::DefaultInitializerIsolation::OutputType swift::evaluateOrDefault<swift::DefaultInitializerIsolation>(swift::Evaluator&, swift::DefaultInitializerIsolation, swift::DefaultInitializerIsolation::OutputType)::'lambda'(), (void*)0>(swift::DefaultInitializerIsolation const&, swift::DefaultInitializerIsolation::OutputType swift::evaluateOrDefault<swift::DefaultInitializerIsolation>(swift::Evaluator&, swift::DefaultInitializerIsolation, swift::DefaultInitializerIsolation::OutputType)::'lambda'()) + 360
52 swift-frontend           0x0000000105f60c28 swift::VarDecl::getInitializerIsolation() const + 88
53 swift-frontend           0x0000000105ad3af8 (anonymous namespace)::ActorIsolationChecker::checkDefaultArgument(swift::DefaultArgumentExpr*) + 40
54 swift-frontend           0x0000000105ad0254 (anonymous namespace)::ActorIsolationChecker::walkToExprPre(swift::Expr*) + 1312
55 swift-frontend           0x0000000105eff950 (anonymous namespace)::Traversal::doIt(swift::Expr*) + 44
56 swift-frontend           0x0000000105f04450 swift::ArgumentList* llvm::function_ref<swift::ArgumentList* (swift::ArgumentList*)>::callback_fn<(anonymous namespace)::Traversal::doIt(swift::ArgumentList*)::'lambda'(swift::ArgumentList*)>(long, swift::ArgumentList*) + 264
57 swift-frontend           0x0000000105f042e4 swift::ArgumentList* (anonymous namespace)::Traversal::traverse<swift::ArgumentList>(swift::ASTWalker::PreWalkResult<swift::ArgumentList*>, llvm::function_ref<swift::ArgumentList* (swift::ArgumentList*)>, llvm::function_ref<swift::ASTWalker::PostWalkResult<swift::ArgumentList*> (swift::ArgumentList*)>) + 84
58 swift-frontend           0x0000000105f01920 (anonymous namespace)::Traversal::visitApplyExpr(swift::ApplyExpr*) + 108
59 swift-frontend           0x0000000105effa00 (anonymous namespace)::Traversal::doIt(swift::Expr*) + 220
60 swift-frontend           0x0000000105eff918 swift::Expr::walk(swift::ASTWalker&) + 32
61 swift-frontend           0x0000000105acb848 swift::DefaultInitializerIsolation::evaluate(swift::Evaluator&, swift::VarDecl*) const + 776
62 swift-frontend           0x0000000105ff08fc swift::DefaultInitializerIsolation::OutputType swift::Evaluator::getResultUncached<swift::DefaultInitializerIsolation, swift::DefaultInitializerIsolation::OutputType swift::evaluateOrDefault<swift::DefaultInitializerIsolation>(swift::Evaluator&, swift::DefaultInitializerIsolation, swift::DefaultInitializerIsolation::OutputType)::'lambda'()>(swift::DefaultInitializerIsolation const&, swift::DefaultInitializerIsolation::OutputType swift::evaluateOrDefault<swift::DefaultInitializerIsolation>(swift::Evaluator&, swift::DefaultInitializerIsolation, swift::DefaultInitializerIsolation::OutputType)::'lambda'()) + 236
63 swift-frontend           0x0000000105ff0714 swift::DefaultInitializerIsolation::OutputType swift::Evaluator::getResultCached<swift::DefaultInitializerIsolation, swift::DefaultInitializerIsolation::OutputType swift::evaluateOrDefault<swift::DefaultInitializerIsolation>(swift::Evaluator&, swift::DefaultInitializerIsolation, swift::DefaultInitializerIsolation::OutputType)::'lambda'(), (void*)0>(swift::DefaultInitializerIsolation const&, swift::DefaultInitializerIsolation::OutputType swift::evaluateOrDefault<swift::DefaultInitializerIsolation>(swift::Evaluator&, swift::DefaultInitializerIsolation, swift::DefaultInitializerIsolation::OutputType)::'lambda'()) + 360
64 swift-frontend           0x0000000105f60c28 swift::VarDecl::getInitializerIsolation() const + 88
65 swift-frontend           0x0000000105b441ec checkDefaultArguments(swift::ParameterList*) + 160
66 swift-frontend           0x0000000105b3ac78 (anonymous namespace)::DeclChecker::visitFuncDecl(swift::FuncDecl*) + 812
67 swift-frontend           0x0000000105b302f4 (anonymous namespace)::DeclChecker::visit(swift::Decl*) + 420
68 swift-frontend           0x0000000105b3c974 (anonymous namespace)::DeclChecker::visitExtensionDecl(swift::ExtensionDecl*) + 5716
69 swift-frontend           0x0000000105b30f50 (anonymous namespace)::DeclChecker::visit(swift::Decl*) + 3584
70 swift-frontend           0x0000000105b3013c swift::TypeChecker::typeCheckDecl(swift::Decl*) + 136
71 swift-frontend           0x0000000105bfb67c swift::TypeCheckSourceFileRequest::evaluate(swift::Evaluator&, swift::SourceFile*) const + 176
72 swift-frontend           0x0000000105bfd224 swift::TypeCheckSourceFileRequest::OutputType swift::Evaluator::getResultUncached<swift::TypeCheckSourceFileRequest, swift::TypeCheckSourceFileRequest::OutputType swift::evaluateOrDefault<swift::TypeCheckSourceFileRequest>(swift::Evaluator&, swift::TypeCheckSourceFileRequest, swift::TypeCheckSourceFileRequest::OutputType)::'lambda'()>(swift::TypeCheckSourceFileRequest const&, swift::TypeCheckSourceFileRequest::OutputType swift::evaluateOrDefault<swift::TypeCheckSourceFileRequest>(swift::Evaluator&, swift::TypeCheckSourceFileRequest, swift::TypeCheckSourceFileRequest::OutputType)::'lambda'()) + 232
73 swift-frontend           0x0000000105bfb5a4 swift::performTypeChecking(swift::SourceFile&) + 84
74 swift-frontend           0x0000000104acd364 bool llvm::function_ref<bool (swift::SourceFile&)>::callback_fn<swift::CompilerInstance::performSema()::$_7>(long, swift::SourceFile&) + 16
75 swift-frontend           0x0000000104ac6df4 swift::CompilerInstance::forEachFileToTypeCheck(llvm::function_ref<bool (swift::SourceFile&)>) + 156
76 swift-frontend           0x0000000104ac6d38 swift::CompilerInstance::performSema() + 76
77 swift-frontend           0x0000000104ad1c84 swift::ExplicitModuleInterfaceBuilder::buildSwiftModuleFromInterface(llvm::StringRef, llvm::StringRef, bool, std::__1::unique_ptr<llvm::MemoryBuffer, std::__1::default_delete<llvm::MemoryBuffer>>*, llvm::ArrayRef<std::__1::basic_string<char, std::__1::char_traits<char>, std::__1::allocator<char>>>, llvm::StringRef) + 1008
78 swift-frontend           0x0000000104ad380c std::__1::error_code llvm::function_ref<std::__1::error_code (swift::SubCompilerInstanceInfo&)>::callback_fn<swift::ImplicitModuleInterfaceBuilder::buildSwiftModuleInternal(llvm::StringRef, bool, std::__1::unique_ptr<llvm::MemoryBuffer, std::__1::default_delete<llvm::MemoryBuffer>>*, llvm::ArrayRef<std::__1::basic_string<char, std::__1::char_traits<char>, std::__1::allocator<char>>>)::$_3::operator()() const::'lambda'(swift::SubCompilerInstanceInfo&)>(long, swift::SubCompilerInstanceInfo&) + 208
79 swift-frontend           0x0000000104ade820 swift::InterfaceSubContextDelegateImpl::runInSubCompilerInstance(llvm::StringRef, llvm::StringRef, llvm::StringRef, llvm::StringRef, swift::SourceLoc, bool, llvm::function_ref<std::__1::error_code (swift::SubCompilerInstanceInfo&)>) + 2372
80 swift-frontend           0x0000000104ad35a0 void llvm::function_ref<void ()>::callback_fn<swift::ImplicitModuleInterfaceBuilder::buildSwiftModuleInternal(llvm::StringRef, bool, std::__1::unique_ptr<llvm::MemoryBuffer, std::__1::default_delete<llvm::MemoryBuffer>>*, llvm::ArrayRef<std::__1::basic_string<char, std::__1::char_traits<char>, std::__1::allocator<char>>>)::$_3>(long) + 268
81 swift-frontend           0x0000000109caf8cc llvm::CrashRecoveryContext::RunSafely(llvm::function_ref<void ()>) + 164
82 swift-frontend           0x0000000109caf9ec RunSafelyOnThread_Dispatch(void*) + 52
83 swift-frontend           0x0000000109cafa14 void* llvm::thread::ThreadProxy<std::__1::tuple<void (*)(void*), (anonymous namespace)::RunSafelyOnThreadInfo*>>(void*) + 24
84 libsystem_pthread.dylib  0x000000018ae6abc8 _pthread_start + 136
85 libsystem_pthread.dylib  0x000000018ae65b80 thread_start + 8